#
# A fatal error has been detected by the Java Runtime Environment:
#
#  EXCEPTION_ACCESS_VIOLATION (0xc0000005) at pc=0x00007ffdd3cde65e, pid=28252, tid=11812
#
# JRE version: OpenJDK Runtime Environment Temurin-21.0.1+12 (21.0.1+12) (build 21.0.1+12-LTS)
# Java VM: OpenJDK 64-Bit Server VM Temurin-21.0.1+12 (21.0.1+12-LTS, mixed mode, sharing, tiered, compressed oops, compressed class ptrs, g1 gc, windows-amd64)
# Problematic frame:
# V  [jvm.dll+0x84e65e]
#
# No core dump will be written. Minidumps are not enabled by default on client versions of Windows
#
# If you would like to submit a bug report, please visit:
#   https://github.com/adoptium/adoptium-support/issues
#

---------------  S U M M A R Y ------------

Command Line: -Dsun.java2d.pmoffscreen=false -Dhttps.protocols=TLSv1,TLSv1.1,TLSv1.2 -Dsun.java2d.xrender=false -Dsun.java2d.d3d=false -Dsun.awt.nopixfmt=true -Dsun.java2d.dpiaware=true -Dsun.java2d.uiScale.enabled=false -Dswing.aatext=true -XX:-UsePerfData -Djdk.map.althashing.threshold=512 -XX:StringTableSize=4072 -XX:+UseStringDeduplication -XX:MaxGCPauseMillis=200 -XX:ParallelGCThreads=4 -XX:+ParallelRefProcEnabled --add-opens=java.desktop/javax.swing.plaf.synth=ALL-UNNAMED --add-opens=java.base/java.nio=ALL-UNNAMED --add-opens=java.desktop/sun.swing=ALL-UNNAMED --add-opens=java.desktop/javax.swing=ALL-UNNAMED --add-opens=java.desktop/javax.swing.tree=ALL-UNNAMED --add-opens=java.desktop/javax.swing.plaf.basic=ALL-UNNAMED --add-opens=java.desktop/javax.swing.plaf.synth=ALL-UNNAMED --add-opens=java.desktop/javax.swing.plaf.basic=ALL-UNNAMED --add-opens=java.desktop/javax.swing=ALL-UNNAMED --add-opens=java.desktop/javax.swing.tree=ALL-UNNAMED --add-opens=java.desktop/java.awt.event=ALL-UNNAMED --add-exports=java.desktop/javax.swing.plaf.synth=ALL-UNNAMED --add-exports=java.base/java.nio=ALL-UNNAMED --add-exports=java.desktop/sun.swing=ALL-UNNAMED --add-exports=java.desktop/javax.swing=ALL-UNNAMED --add-exports=java.desktop/javax.swing.tree=ALL-UNNAMED --add-exports=java.desktop/javax.swing.plaf.basic=ALL-UNNAMED --add-exports=java.desktop/sun.swing=ALL-UNNAMED --add-exports=java.desktop/sun.swing.table=ALL-UNNAMED --add-exports=java.desktop/sun.swing.plaf.synth=ALL-UNNAMED --add-exports=java.desktop/sun.awt.shell=ALL-UNNAMED --add-exports=java.base/sun.security.action=ALL-UNNAMED --add-exports=java.desktop/sun.font=ALL-UNNAMED -XX:NewSize=80m -XX:MaxNewSize=80m -Xms812m -Xmx6144m -Xss10m 

Host: 13th Gen Intel(R) Core(TM) i7-13650HX, 20 cores, 31G,  Windows 11 , 64 bit Build 26100 (10.0.26100.4484)
Time: Wed Jul 16 01:12:42 2025 Arabian Standard Time elapsed time: 2388.252594 seconds (0d 0h 39m 48s)

---------------  T H R E A D  ---------------

Current thread (0x0000025c586928b0):  JavaThread "C2 CompilerThread2" [_thread_in_vm, id=11812, stack(0x000000c1c9600000,0x000000c1c9700000) (1024K)]

Stack: [0x000000c1c9600000,0x000000c1c9700000],  sp=0x000000c1c96ff520,  free space=1021k
Native frames: (J=compiled Java code, j=interpreted, Vv=VM code, C=native code)
V  [jvm.dll+0x84e65e]
V  [jvm.dll+0x84e97a]
V  [jvm.dll+0x8558f6]
V  [jvm.dll+0x3ea6fe]
V  [jvm.dll+0x3eba93]
V  [jvm.dll+0x6c5ebd]
C  [ucrtbase.dll+0x37b0]
C  [KERNEL32.DLL+0x2e8d7]
C  [ntdll.dll+0x3c34c]


siginfo: EXCEPTION_ACCESS_VIOLATION (0xc0000005), reading address 0x0000025ad5c368c0


Registers:
RAX=0x00007ffdd3f318d0, RBX=0x0000025c18feb598, RCX=0x000000c1c96ff570, RDX=0x0000025ad5c36740
RSP=0x000000c1c96ff520, RBP=0x000000c1c96ff6e0, RSI=0x00007ffdd3cde650, RDI=0x0000025c18feb7c8
R8 =0x00007ffdd3cde650, R9 =0x0000000000000040, R10=0x00007ffe5a740000, R11=0x00007ffe5a751c5d
R12=0x0000000000000000, R13=0x0000000000000000, R14=0x0000025c5d784ad0, R15=0x0000025c06ce8e80
RIP=0x00007ffdd3cde65e, EFLAGS=0x0000000000010202


Register to memory mapping:

RAX=
[error occurred during error reporting (printing register info), id 0xc0000005, EXCEPTION_ACCESS_VIOLATION (0xc0000005) at pc=0x00007ffdd3b4a7f7]
RBX=
[error occurred during error reporting (printing register info, attempt 2), id 0xc0000005, EXCEPTION_ACCESS_VIOLATION (0xc0000005) at pc=0x00007ffdd3b4a7f7]
RCX=
[error occurred during error reporting (printing register info, attempt 3), id 0xc0000005, EXCEPTION_ACCESS_VIOLATION (0xc0000005) at pc=0x00007ffdd3b4a7f7]
Top of Stack: (sp=0x000000c1c96ff520)
0x000000c1c96ff520:   0000025c06ce8e80 0000000000000000
0x000000c1c96ff530:   000000c1c9600000 00007ffdd3663419
0x000000c1c96ff540:   00007ffdd4131a28 00007ffdd3cde97a
0x000000c1c96ff550:   0000025c18feb598 0000000000000001
0x000000c1c96ff560:   0000000000000000 0000025c586928b0
0x000000c1c96ff570:   00007ffdd3f318d0 0000025c06ce8e80
0x000000c1c96ff580:   0000000000000000 0000025c5d784ae0
0x000000c1c96ff590:   0000000000000000 00007ffdd4131a28
0x000000c1c96ff5a0:   0000025c586928b0 00007ffdd3ce58f6
0x000000c1c96ff5b0:   0000025c586928b0 0000025c586928b0
0x000000c1c96ff5c0:   000000c1c96ff6e0 0000000000000001
0x000000c1c96ff5d0:   00007ffdd3ebf0f0 00007ffdd387a6fe
0x000000c1c96ff5e0:   00007ffdd3ebf0e8 0000000680c4ee28
0x000000c1c96ff5f0:   0000000680c4ee28 0000000680c4ee28
0x000000c1c96ff600:   0000025bcc770000 0000025c00000000
0x000000c1c96ff610:   0000025c06fc3a50 0000025c06fc3a50
0x000000c1c96ff620:   0000025c06fc3a50 00007ffdd3b558ed
0x000000c1c96ff630:   0000025c1c363890 0000025c00000000
0x000000c1c96ff640:   0000000000004000 0000000000000000
0x000000c1c96ff650:   00005147998d00b6 00007ffd00000000
0x000000c1c96ff660:   0000000000000000 0000025c08886028
0x000000c1c96ff670:   0000000000000000 0000000000000000
0x000000c1c96ff680:   0000025c586928b0 00007ffdd387cc00
0x000000c1c96ff690:   0000000000000000 0000025c08885c40
0x000000c1c96ff6a0:   0000025c08885c00 0000000000000000
0x000000c1c96ff6b0:   0000025c586928b0 00007ffdd38b9f6e
0x000000c1c96ff6c0:   0000025c586928b0 0000025c586928b0
0x000000c1c96ff6d0:   0000025c1b28c408 0000000000000009
0x000000c1c96ff6e0:   0000025c586928b0 0000025c1c3633d0
0x000000c1c96ff6f0:   0000025c1b28c3f0 0000025c1b28c400
0x000000c1c96ff700:   0000025c1b28c4d8 00000000000000d8
0x000000c1c96ff710:   0000025c1c363410 00007ffdd3cdaf3b 

Instructions: (pc=0x00007ffdd3cde65e)
0x00007ffdd3cde55e:   cc cc 48 89 5c 24 08 57 48 83 ec 20 48 8b 79 08
0x00007ffdd3cde56e:   48 8b da 48 8b cf e8 57 06 00 00 84 c0 75 0b 48
0x00007ffdd3cde57e:   8b d3 48 8b cf e8 48 fd ff ff 48 8b 5c 24 30 48
0x00007ffdd3cde58e:   83 c4 20 5f c3 cc cc cc cc cc cc cc cc cc cc cc
0x00007ffdd3cde59e:   cc cc 48 83 ec 28 48 85 d2 0f 84 9d 00 00 00 48
0x00007ffdd3cde5ae:   8b 82 80 01 00 00 48 85 c0 0f 84 8d 00 00 00 45
0x00007ffdd3cde5be:   33 c0 a8 01 74 1c f0 4c 0f b1 82 80 01 00 00 74
0x00007ffdd3cde5ce:   7b 48 8b 82 80 01 00 00 48 85 c0 75 e5 48 83 c4
0x00007ffdd3cde5de:   28 c3 48 89 5c 24 30 48 8b 58 10 8b 40 04 48 89
0x00007ffdd3cde5ee:   6c 24 38 48 89 74 24 40 48 8b 71 08 48 8d 2c c3
0x00007ffdd3cde5fe:   48 3b dd 74 38 48 89 7c 24 20 0f 1f 84 00 00 00
0x00007ffdd3cde60e:   00 00 48 8b 3b 48 8b ce 48 8b d7 e8 b2 05 00 00
0x00007ffdd3cde61e:   84 c0 75 0b 48 8b d7 48 8b ce e8 a3 fc ff ff 48
0x00007ffdd3cde62e:   83 c3 08 48 3b dd 75 da 48 8b 7c 24 20 48 8b 6c
0x00007ffdd3cde63e:   24 38 48 8b 5c 24 30 48 8b 74 24 40 48 83 c4 28
0x00007ffdd3cde64e:   c3 cc 48 83 ec 28 48 85 d2 74 42 48 89 5c 24 30
0x00007ffdd3cde65e:   48 8b 9a 80 01 00 00 48 85 db 74 2c 48 89 7c 24
0x00007ffdd3cde66e:   20 48 83 e3 fe 48 8b 79 08 48 8b d3 48 8b cf e8
0x00007ffdd3cde67e:   4e 05 00 00 84 c0 75 0b 48 8b d3 48 8b cf e8 3f
0x00007ffdd3cde68e:   fc ff ff 48 8b 7c 24 20 48 8b 5c 24 30 48 83 c4
0x00007ffdd3cde69e:   28 c3 48 85 d2 0f 84 89 00 00 00 48 89 5c 24 08
0x00007ffdd3cde6ae:   57 48 83 ec 20 4c 8b 82 80 01 00 00 48 8b da 48
0x00007ffdd3cde6be:   8b f9 4d 85 c0 74 63 41 f6 c0 01 75 5d 49 8b 48
0x00007ffdd3cde6ce:   10 33 d2 48 8b 01 48 85 c0 74 4f 4c 8b 4f 08 0f
0x00007ffdd3cde6de:   1f 00 49 3b c1 74 1c ff c2 41 3b 50 04 73 3b 48
0x00007ffdd3cde6ee:   8b 04 d1 48 85 c0 75 ea 48 8b 5c 24 30 48 83 c4
0x00007ffdd3cde6fe:   20 5f c3 48 8b 05 c0 67 47 00 48 85 c0 74 1b e8
0x00007ffdd3cde70e:   8e 16 e7 ff 4c 8b 4f 08 48 8d 0d d3 31 25 00 48
0x00007ffdd3cde71e:   8b d0 4c 8b c3 e8 a8 f7 ff ff 48 8b 5c 24 30 48
0x00007ffdd3cde72e:   83 c4 20 5f c3 cc cc cc cc cc cc cc cc cc cc cc
0x00007ffdd3cde73e:   cc cc 48 85 d2 74 07 48 8b 82 80 01 00 00 c3 cc
0x00007ffdd3cde74e:   cc cc 48 89 5c 24 08 48 89 6c 24 10 48 89 74 24 


Stack slot to memory mapping:

stack at sp + 0 slots: 
[error occurred during error reporting (inspecting top of stack), id 0xc0000005, EXCEPTION_ACCESS_VIOLATION (0xc0000005) at pc=0x00007ffdd3b4a7f7]
stack at sp + 1 slots: 0x0 is null
stack at sp + 2 slots: 
[error occurred during error reporting (inspecting top of stack, attempt 2), id 0xc0000005, EXCEPTION_ACCESS_VIOLATION (0xc0000005) at pc=0x00007ffdd3b4a7f7]
stack at sp + 3 slots: 
[error occurred during error reporting (inspecting top of stack, attempt 3), id 0xc0000005, EXCEPTION_ACCESS_VIOLATION (0xc0000005) at pc=0x00007ffdd3b4a7f7]

---------------  P R O C E S S  ---------------

Threads class SMR info:
_java_thread_list=0x0000025c5e44ad10, length=81, elements={
0x0000025bd67bc7b0, 0x0000025bd6a36b50, 0x0000025bd6a37dc0, 0x0000025bd6a42890,
0x0000025bd6a432f0, 0x0000025bd6a49210, 0x0000025bd6a469b0, 0x0000025bd6a47740,
0x0000025bd6a584c0, 0x0000025bd6a5d9c0, 0x0000025bd5c33950, 0x0000025ad5c36740,
0x0000025bd5c35a20, 0x0000025bd5c34670, 0x0000025bd5c34d00, 0x0000025bd5c360b0,
0x0000025bd5c35390, 0x0000025bfdd85440, 0x0000025bfdd84090, 0x0000025bfdd82ce0,
0x0000025bfdd82650, 0x0000025bfdd895e0, 0x0000025bfdd88f50, 0x0000025bfdd86e80,
0x0000025bfdd87ba0, 0x0000025bfdd888c0, 0x0000025bff3bc1a0, 0x0000025bfdd867f0,
0x0000025bff79df50, 0x0000025bfdd87510, 0x0000025c0927f140, 0x0000025c092804f0,
0x0000025c09280b80, 0x0000025c0927dd90, 0x0000025c0927e420, 0x0000025c0927f7d0,
0x0000025c0927d700, 0x0000025c09284690, 0x0000025c092818a0, 0x0000025c09283970,
0x0000025c0927eab0, 0x0000025c077de6b0, 0x0000025c077df3d0, 0x0000025c077e0e10,
0x0000025c077e14a0, 0x0000025c077e2ee0, 0x0000025c077e1b30, 0x0000025c077e0780,
0x0000025c077e3c00, 0x0000025c077e5640, 0x0000025c077e4290, 0x0000025c077e4920,
0x0000025c077e00f0, 0x0000025c077e4fb0, 0x0000025bfdd83a00, 0x0000025bfdd85ad0,
0x0000025bfdd88230, 0x0000025c077dfa60, 0x0000025c092832e0, 0x0000025bff7a13d0,
0x0000025bff79ec70, 0x0000025bc27cdf00, 0x0000025bc27d20a0, 0x0000025bff79f300,
0x0000025bff7a06b0, 0x0000025c0927d070, 0x0000025c480777b0, 0x0000025c480784d0,
0x0000025c48078b60, 0x0000025c480791f0, 0x0000025bc27cec20, 0x0000025bc27ccb50,
0x0000025bc27d3450, 0x0000025c58696cd0, 0x0000025c58693d20, 0x0000025c58697a70,
0x0000025c586943f0, 0x0000025c0927fe60, 0x0000025c09284000, 0x0000025c48077120,
0x0000025c48079f10
}
_to_delete_list=0x0000025c5d784ad0, length=82, elements={
0x0000025bd67bc7b0, 0x0000025bd6a36b50, 0x0000025bd6a37dc0, 0x0000025bd6a42890,
0x0000025bd6a432f0, 0x0000025bd6a49210, 0x0000025bd6a469b0, 0x0000025bd6a47740,
0x0000025bd6a584c0, 0x0000025bd6a5d9c0, 0x0000025bd5c33950, 0x0000025ad5c36740,
0x0000025bd5c35a20, 0x0000025bd5c34670, 0x0000025bd5c34d00, 0x0000025bd5c360b0,
0x0000025bd5c35390, 0x0000025bfdd85440, 0x0000025bfdd84090, 0x0000025bfdd82ce0,
0x0000025bfdd82650, 0x0000025bfdd895e0, 0x0000025bfdd88f50, 0x0000025bfdd86e80,
0x0000025bfdd87ba0, 0x0000025bfdd888c0, 0x0000025bff3bc1a0, 0x0000025bfdd867f0,
0x0000025bff79df50, 0x0000025bfdd87510, 0x0000025c0927f140, 0x0000025c092804f0,
0x0000025c09280b80, 0x0000025c0927dd90, 0x0000025c0927e420, 0x0000025c0927f7d0,
0x0000025c0927d700, 0x0000025c09284690, 0x0000025c092818a0, 0x0000025c09283970,
0x0000025c0927eab0, 0x0000025c077de6b0, 0x0000025c077df3d0, 0x0000025c077e0e10,
0x0000025c077e14a0, 0x0000025c077e2ee0, 0x0000025c077e1b30, 0x0000025c077e0780,
0x0000025c077e3c00, 0x0000025c077e5640, 0x0000025c077e4290, 0x0000025c077e4920,
0x0000025c077e00f0, 0x0000025c077e4fb0, 0x0000025bfdd83a00, 0x0000025bfdd85ad0,
0x0000025bfdd88230, 0x0000025c077dfa60, 0x0000025c092832e0, 0x0000025bff7a13d0,
0x0000025bff79ec70, 0x0000025bc27cdf00, 0x0000025bc27d20a0, 0x0000025bff79f300,
0x0000025bff7a06b0, 0x0000025c0927d070, 0x0000025c480777b0, 0x0000025c480784d0,
0x0000025c48078b60, 0x0000025c480791f0, 0x0000025bc27cec20, 0x0000025bc27ccb50,
0x0000025bc27d3450, 0x0000025c58696cd0, 0x0000025c58693d20, 0x0000025c58697a70,
0x0000025c586943f0, 0x0000025c586928b0, 0x0000025c0927fe60, 0x0000025c09284000,
0x0000025c48077120, 0x0000025c48079f10
}

Java Threads: ( => current thread )
  0x0000025bd67bc7b0 JavaThread "main"                       [_thread_blocked, id=7344, stack(0x000000c1ac100000,0x000000c1ac200000) (1024K)]
  0x0000025bd6a36b50 JavaThread "Reference Handler"          [_thread_blocked, id=17300, stack(0x000000c1ae700000,0x000000c1af100000) (10240K)]
  0x0000025bd6a37dc0 JavaThread "Finalizer"                  [_thread_blocked, id=28100, stack(0x000000c1af100000,0x000000c1afb00000) (10240K)]
  0x0000025bd6a42890 JavaThread "Signal Dispatcher"          [_thread_blocked, id=12540, stack(0x000000c1afb00000,0x000000c1b0500000) (10240K)]
  0x0000025bd6a432f0 JavaThread "Attach Listener"            [_thread_blocked, id=23804, stack(0x000000c1b0500000,0x000000c1b0f00000) (10240K)]
  0x0000025bd6a49210 JavaThread "Service Thread"             [_thread_blocked, id=29396, stack(0x000000c1b0f00000,0x000000c1b1900000) (10240K)]
  0x0000025bd6a469b0 JavaThread "Monitor Deflation Thread"   [_thread_blocked, id=26224, stack(0x000000c1b1900000,0x000000c1b2300000) (10240K)]
  0x0000025bd6a47740 JavaThread "C2 CompilerThread0"         [_thread_blocked, id=10912, stack(0x000000c1b2300000,0x000000c1b2400000) (1024K)]
  0x0000025bd6a584c0 JavaThread "C1 CompilerThread0"         [_thread_blocked, id=27084, stack(0x000000c1b2400000,0x000000c1b2500000) (1024K)]
  0x0000025bd6a5d9c0 JavaThread "StringDedupThread"          [_thread_blocked, id=27548, stack(0x000000c1b2500000,0x000000c1b2f00000) (10240K)]
  0x0000025bd5c33950 JavaThread "Common-Cleaner"             [_thread_blocked, id=19944, stack(0x000000c1b3000000,0x000000c1b3a00000) (10240K)]
  0x0000025ad5c36740 
[error occurred during error reporting (printing all threads), id 0xc0000005, EXCEPTION_ACCESS_VIOLATION (0xc0000005) at pc=0x00007ffdd3ce53fc]
VM state: not at safepoint (normal execution)

VM Mutex/Monitor currently owned by a thread:  ([mutex/lock_event])
[0x00007ffdd4130aa8] CompileThread_lock - owner thread: 0x0000025c58696cd0
[0x00007ffdd4131a28] Threads_lock - owner thread: 0x0000025c586928b0

Heap address: 0x0000000680000000, size: 6144 MB, Compressed Oops mode: Zero based, Oop shift amount: 3

CDS archive(s) mapped at: [0x0000025b80000000-0x0000025b80c90000-0x0000025b80c90000), size 13172736, SharedBaseAddress: 0x0000025b80000000, ArchiveRelocationMode: 1.
Compressed class space mapped at: 0x0000025b81000000-0x0000025bc1000000, reserved size: 1073741824
Narrow klass base: 0x0000025b80000000, Narrow klass shift: 0, Narrow klass range: 0x100000000

GC Precious Log:
 CardTable entry size: 512
 Card Set container configuration: InlinePtr #cards 4 size 8 Array Of Cards #cards 32 size 80 Howl #buckets 8 coarsen threshold 7372 Howl Bitmap #cards 1024 size 144 coarsen threshold 921 Card regions per heap region 1 cards per card region 8192
 CPUs: 20 total, 20 available
 Memory: 32387M
 Large Page Support: Disabled
 NUMA Support: Disabled
 Compressed Oops: Enabled (Zero based)
 Heap Region Size: 4M
 Heap Min Capacity: 812M
 Heap Initial Capacity: 812M
 Heap Max Capacity: 6G
 Pre-touch: Disabled
 Parallel Workers: 4
 Concurrent Workers: 1
 Concurrent Refinement Workers: 4
 Periodic GC: Disabled
 String Deduplication is enabled

Heap:
 garbage-first heap   total 831488K, used 162792K [0x0000000680000000, 0x0000000800000000)
  region size 4096K, 9 young (36864K), 1 survivors (4096K)
 Metaspace       used 116533K, committed 117376K, reserved 1179648K
  class space    used 16961K, committed 17344K, reserved 1048576K

Heap Regions: E=young(eden), S=young(survivor), O=old, HS=humongous(starts), HC=humongous(continues), CS=collection set, F=free, TAMS=top-at-mark-start, PB=parsable bottom
|   0|0x0000000680000000, 0x0000000680400000, 0x0000000680400000|100%| O|  |TAMS 0x0000000680000000| PB 0x0000000680000000| Untracked 
|   1|0x0000000680400000, 0x00000006807ffff8, 0x0000000680800000| 99%| O|  |TAMS 0x0000000680400000| PB 0x0000000680400000| Untracked 
|   2|0x0000000680800000, 0x0000000680bfffd8, 0x0000000680c00000| 99%| O|  |TAMS 0x0000000680800000| PB 0x0000000680800000| Untracked 
|   3|0x0000000680c00000, 0x0000000681000000, 0x0000000681000000|100%| O|  |TAMS 0x0000000680c00000| PB 0x0000000680c00000| Untracked 
|   4|0x0000000681000000, 0x0000000681400000, 0x0000000681400000|100%| O|  |TAMS 0x0000000681000000| PB 0x0000000681000000| Untracked 
|   5|0x0000000681400000, 0x00000006817fffa8, 0x0000000681800000| 99%| O|  |TAMS 0x0000000681400000| PB 0x0000000681400000| Untracked 
|   6|0x0000000681800000, 0x0000000681bffff0, 0x0000000681c00000| 99%| O|  |TAMS 0x0000000681800000| PB 0x0000000681800000| Untracked 
|   7|0x0000000681c00000, 0x0000000681ffff18, 0x0000000682000000| 99%| O|  |TAMS 0x0000000681c00000| PB 0x0000000681c00000| Untracked 
|   8|0x0000000682000000, 0x0000000682400000, 0x0000000682400000|100%| O|  |TAMS 0x0000000682000000| PB 0x0000000682000000| Untracked 
|   9|0x0000000682400000, 0x0000000682800000, 0x0000000682800000|100%|HS|  |TAMS 0x0000000682400000| PB 0x0000000682400000| Untracked 
|  10|0x0000000682800000, 0x0000000682c00000, 0x0000000682c00000|100%|HC|  |TAMS 0x0000000682800000| PB 0x0000000682800000| Untracked 
|  11|0x0000000682c00000, 0x0000000683000000, 0x0000000683000000|100%|HC|  |TAMS 0x0000000682c00000| PB 0x0000000682c00000| Untracked 
|  12|0x0000000683000000, 0x00000006833ff618, 0x0000000683400000| 99%| O|  |TAMS 0x0000000683000000| PB 0x0000000683000000| Untracked 
|  13|0x0000000683400000, 0x00000006837fffe8, 0x0000000683800000| 99%| O|  |TAMS 0x0000000683400000| PB 0x0000000683400000| Untracked 
|  14|0x0000000683800000, 0x0000000683c00000, 0x0000000683c00000|100%|HS|  |TAMS 0x0000000683800000| PB 0x0000000683800000| Untracked 
|  15|0x0000000683c00000, 0x0000000684000000, 0x0000000684000000|100%|HC|  |TAMS 0x0000000683c00000| PB 0x0000000683c00000| Untracked 
|  16|0x0000000684000000, 0x0000000684400000, 0x0000000684400000|100%|HC|  |TAMS 0x0000000684000000| PB 0x0000000684000000| Untracked 
|  17|0x0000000684400000, 0x00000006847ffff8, 0x0000000684800000| 99%| O|  |TAMS 0x0000000684400000| PB 0x0000000684400000| Untracked 
|  18|0x0000000684800000, 0x0000000684bffce8, 0x0000000684c00000| 99%| O|  |TAMS 0x0000000684800000| PB 0x0000000684800000| Untracked 
|  19|0x0000000684c00000, 0x0000000684fffe98, 0x0000000685000000| 99%| O|  |TAMS 0x0000000684c00000| PB 0x0000000684c00000| Untracked 
|  20|0x0000000685000000, 0x00000006853ffcd8, 0x0000000685400000| 99%| O|  |TAMS 0x0000000685000000| PB 0x0000000685000000| Untracked 
|  21|0x0000000685400000, 0x00000006857fffc8, 0x0000000685800000| 99%| O|  |TAMS 0x0000000685400000| PB 0x0000000685400000| Untracked 
|  22|0x0000000685800000, 0x0000000685c00000, 0x0000000685c00000|100%| O|  |TAMS 0x0000000685800000| PB 0x0000000685800000| Untracked 
|  23|0x0000000685c00000, 0x0000000685fffea8, 0x0000000686000000| 99%| O|  |TAMS 0x0000000685c00000| PB 0x0000000685c00000| Untracked 
|  24|0x0000000686000000, 0x00000006863ff858, 0x0000000686400000| 99%| O|  |TAMS 0x0000000686000000| PB 0x0000000686000000| Untracked 
|  25|0x0000000686400000, 0x0000000686800000, 0x0000000686800000|100%| O|  |TAMS 0x0000000686400000| PB 0x0000000686400000| Untracked 
|  26|0x0000000686800000, 0x0000000686bd9808, 0x0000000686c00000| 96%| O|  |TAMS 0x0000000686800000| PB 0x0000000686800000| Untracked 
|  27|0x0000000686c00000, 0x0000000687000000, 0x0000000687000000|100%| O|  |TAMS 0x0000000686c00000| PB 0x0000000686c00000| Untracked 
|  28|0x0000000687000000, 0x0000000687313408, 0x0000000687400000| 76%| O|  |TAMS 0x0000000687000000| PB 0x0000000687000000| Untracked 
|  29|0x0000000687400000, 0x00000006875360f0, 0x0000000687800000| 30%| O|  |TAMS 0x0000000687400000| PB 0x0000000687400000| Untracked 
|  30|0x0000000687800000, 0x0000000687a15510, 0x0000000687c00000| 52%| O|  |TAMS 0x0000000687800000| PB 0x0000000687800000| Untracked 
|  31|0x0000000687c00000, 0x0000000688000000, 0x0000000688000000|100%| O|  |TAMS 0x0000000687c00000| PB 0x0000000687c00000| Untracked 
|  32|0x0000000688000000, 0x0000000688400000, 0x0000000688400000|100%|HS|  |TAMS 0x0000000688000000| PB 0x0000000688000000| Complete 
|  33|0x0000000688400000, 0x0000000688400000, 0x0000000688800000|  0%| F|  |TAMS 0x0000000688400000| PB 0x0000000688400000| Untracked 
|  34|0x0000000688800000, 0x0000000688800000, 0x0000000688c00000|  0%| F|  |TAMS 0x0000000688800000| PB 0x0000000688800000| Untracked 
|  35|0x0000000688c00000, 0x0000000689000000, 0x0000000689000000|100%|HS|  |TAMS 0x0000000688c00000| PB 0x0000000688c00000| Untracked 
|  36|0x0000000689000000, 0x0000000689000000, 0x0000000689400000|  0%| F|  |TAMS 0x0000000689000000| PB 0x0000000689000000| Untracked 
|  37|0x0000000689400000, 0x0000000689400000, 0x0000000689800000|  0%| F|  |TAMS 0x0000000689400000| PB 0x0000000689400000| Untracked 
|  38|0x0000000689800000, 0x0000000689800000, 0x0000000689c00000|  0%| F|  |TAMS 0x0000000689800000| PB 0x0000000689800000| Untracked 
|  39|0x0000000689c00000, 0x0000000689c00000, 0x000000068a000000|  0%| F|  |TAMS 0x0000000689c00000| PB 0x0000000689c00000| Untracked 
|  40|0x000000068a000000, 0x000000068a000000, 0x000000068a400000|  0%| F|  |TAMS 0x000000068a000000| PB 0x000000068a000000| Untracked 
|  41|0x000000068a400000, 0x000000068a400000, 0x000000068a800000|  0%| F|  |TAMS 0x000000068a400000| PB 0x000000068a400000| Untracked 
|  42|0x000000068a800000, 0x000000068a800000, 0x000000068ac00000|  0%| F|  |TAMS 0x000000068a800000| PB 0x000000068a800000| Untracked 
|  43|0x000000068ac00000, 0x000000068ac00000, 0x000000068b000000|  0%| F|  |TAMS 0x000000068ac00000| PB 0x000000068ac00000| Untracked 
|  44|0x000000068b000000, 0x000000068b000000, 0x000000068b400000|  0%| F|  |TAMS 0x000000068b000000| PB 0x000000068b000000| Untracked 
|  45|0x000000068b400000, 0x000000068b400000, 0x000000068b800000|  0%| F|  |TAMS 0x000000068b400000| PB 0x000000068b400000| Untracked 
|  46|0x000000068b800000, 0x000000068b800000, 0x000000068bc00000|  0%| F|  |TAMS 0x000000068b800000| PB 0x000000068b800000| Untracked 
|  47|0x000000068bc00000, 0x000000068bc00000, 0x000000068c000000|  0%| F|  |TAMS 0x000000068bc00000| PB 0x000000068bc00000| Untracked 
|  48|0x000000068c000000, 0x000000068c000000, 0x000000068c400000|  0%| F|  |TAMS 0x000000068c000000| PB 0x000000068c000000| Untracked 
|  49|0x000000068c400000, 0x000000068c400000, 0x000000068c800000|  0%| F|  |TAMS 0x000000068c400000| PB 0x000000068c400000| Untracked 
|  50|0x000000068c800000, 0x000000068c800000, 0x000000068cc00000|  0%| F|  |TAMS 0x000000068c800000| PB 0x000000068c800000| Untracked 
|  51|0x000000068cc00000, 0x000000068cc00000, 0x000000068d000000|  0%| F|  |TAMS 0x000000068cc00000| PB 0x000000068cc00000| Untracked 
|  52|0x000000068d000000, 0x000000068d000000, 0x000000068d400000|  0%| F|  |TAMS 0x000000068d000000| PB 0x000000068d000000| Untracked 
|  53|0x000000068d400000, 0x000000068d400000, 0x000000068d800000|  0%| F|  |TAMS 0x000000068d400000| PB 0x000000068d400000| Untracked 
|  54|0x000000068d800000, 0x000000068d800000, 0x000000068dc00000|  0%| F|  |TAMS 0x000000068d800000| PB 0x000000068d800000| Untracked 
|  55|0x000000068dc00000, 0x000000068dc00000, 0x000000068e000000|  0%| F|  |TAMS 0x000000068dc00000| PB 0x000000068dc00000| Untracked 
|  56|0x000000068e000000, 0x000000068e000000, 0x000000068e400000|  0%| F|  |TAMS 0x000000068e000000| PB 0x000000068e000000| Untracked 
|  57|0x000000068e400000, 0x000000068e400000, 0x000000068e800000|  0%| F|  |TAMS 0x000000068e400000| PB 0x000000068e400000| Untracked 
|  58|0x000000068e800000, 0x000000068e800000, 0x000000068ec00000|  0%| F|  |TAMS 0x000000068e800000| PB 0x000000068e800000| Untracked 
|  59|0x000000068ec00000, 0x000000068ec00000, 0x000000068f000000|  0%| F|  |TAMS 0x000000068ec00000| PB 0x000000068ec00000| Untracked 
|  60|0x000000068f000000, 0x000000068f000000, 0x000000068f400000|  0%| F|  |TAMS 0x000000068f000000| PB 0x000000068f000000| Untracked 
|  61|0x000000068f400000, 0x000000068f400000, 0x000000068f800000|  0%| F|  |TAMS 0x000000068f400000| PB 0x000000068f400000| Untracked 
|  62|0x000000068f800000, 0x000000068f800000, 0x000000068fc00000|  0%| F|  |TAMS 0x000000068f800000| PB 0x000000068f800000| Untracked 
|  63|0x000000068fc00000, 0x000000068fc00000, 0x0000000690000000|  0%| F|  |TAMS 0x000000068fc00000| PB 0x000000068fc00000| Untracked 
|  64|0x0000000690000000, 0x0000000690000000, 0x0000000690400000|  0%| F|  |TAMS 0x0000000690000000| PB 0x0000000690000000| Untracked 
|  65|0x0000000690400000, 0x0000000690400000, 0x0000000690800000|  0%| F|  |TAMS 0x0000000690400000| PB 0x0000000690400000| Untracked 
|  66|0x0000000690800000, 0x0000000690800000, 0x0000000690c00000|  0%| F|  |TAMS 0x0000000690800000| PB 0x0000000690800000| Untracked 
|  67|0x0000000690c00000, 0x0000000690c00000, 0x0000000691000000|  0%| F|  |TAMS 0x0000000690c00000| PB 0x0000000690c00000| Untracked 
|  68|0x0000000691000000, 0x0000000691000000, 0x0000000691400000|  0%| F|  |TAMS 0x0000000691000000| PB 0x0000000691000000| Untracked 
|  69|0x0000000691400000, 0x0000000691400000, 0x0000000691800000|  0%| F|  |TAMS 0x0000000691400000| PB 0x0000000691400000| Untracked 
|  70|0x0000000691800000, 0x0000000691800000, 0x0000000691c00000|  0%| F|  |TAMS 0x0000000691800000| PB 0x0000000691800000| Untracked 
|  71|0x0000000691c00000, 0x0000000691c00000, 0x0000000692000000|  0%| F|  |TAMS 0x0000000691c00000| PB 0x0000000691c00000| Untracked 
|  72|0x0000000692000000, 0x0000000692000000, 0x0000000692400000|  0%| F|  |TAMS 0x0000000692000000| PB 0x0000000692000000| Untracked 
|  73|0x0000000692400000, 0x0000000692400000, 0x0000000692800000|  0%| F|  |TAMS 0x0000000692400000| PB 0x0000000692400000| Untracked 
|  74|0x0000000692800000, 0x0000000692800000, 0x0000000692c00000|  0%| F|  |TAMS 0x0000000692800000| PB 0x0000000692800000| Untracked 
|  75|0x0000000692c00000, 0x0000000692c00000, 0x0000000693000000|  0%| F|  |TAMS 0x0000000692c00000| PB 0x0000000692c00000| Untracked 
|  76|0x0000000693000000, 0x0000000693000000, 0x0000000693400000|  0%| F|  |TAMS 0x0000000693000000| PB 0x0000000693000000| Untracked 
|  77|0x0000000693400000, 0x0000000693400000, 0x0000000693800000|  0%| F|  |TAMS 0x0000000693400000| PB 0x0000000693400000| Untracked 
|  78|0x0000000693800000, 0x0000000693800000, 0x0000000693c00000|  0%| F|  |TAMS 0x0000000693800000| PB 0x0000000693800000| Untracked 
|  79|0x0000000693c00000, 0x0000000693c00000, 0x0000000694000000|  0%| F|  |TAMS 0x0000000693c00000| PB 0x0000000693c00000| Untracked 
|  80|0x0000000694000000, 0x0000000694000000, 0x0000000694400000|  0%| F|  |TAMS 0x0000000694000000| PB 0x0000000694000000| Untracked 
|  81|0x0000000694400000, 0x0000000694400000, 0x0000000694800000|  0%| F|  |TAMS 0x0000000694400000| PB 0x0000000694400000| Untracked 
|  82|0x0000000694800000, 0x0000000694800000, 0x0000000694c00000|  0%| F|  |TAMS 0x0000000694800000| PB 0x0000000694800000| Untracked 
|  83|0x0000000694c00000, 0x0000000694c00000, 0x0000000695000000|  0%| F|  |TAMS 0x0000000694c00000| PB 0x0000000694c00000| Untracked 
|  84|0x0000000695000000, 0x0000000695000000, 0x0000000695400000|  0%| F|  |TAMS 0x0000000695000000| PB 0x0000000695000000| Untracked 
|  85|0x0000000695400000, 0x0000000695400000, 0x0000000695800000|  0%| F|  |TAMS 0x0000000695400000| PB 0x0000000695400000| Untracked 
|  86|0x0000000695800000, 0x0000000695800000, 0x0000000695c00000|  0%| F|  |TAMS 0x0000000695800000| PB 0x0000000695800000| Untracked 
|  87|0x0000000695c00000, 0x0000000695c00000, 0x0000000696000000|  0%| F|  |TAMS 0x0000000695c00000| PB 0x0000000695c00000| Untracked 
|  88|0x0000000696000000, 0x0000000696000000, 0x0000000696400000|  0%| F|  |TAMS 0x0000000696000000| PB 0x0000000696000000| Untracked 
|  89|0x0000000696400000, 0x0000000696400000, 0x0000000696800000|  0%| F|  |TAMS 0x0000000696400000| PB 0x0000000696400000| Untracked 
|  90|0x0000000696800000, 0x0000000696800000, 0x0000000696c00000|  0%| F|  |TAMS 0x0000000696800000| PB 0x0000000696800000| Untracked 
|  91|0x0000000696c00000, 0x0000000696c00000, 0x0000000697000000|  0%| F|  |TAMS 0x0000000696c00000| PB 0x0000000696c00000| Untracked 
|  92|0x0000000697000000, 0x0000000697000000, 0x0000000697400000|  0%| F|  |TAMS 0x0000000697000000| PB 0x0000000697000000| Untracked 
|  93|0x0000000697400000, 0x0000000697400000, 0x0000000697800000|  0%| F|  |TAMS 0x0000000697400000| PB 0x0000000697400000| Untracked 
|  94|0x0000000697800000, 0x0000000697800000, 0x0000000697c00000|  0%| F|  |TAMS 0x0000000697800000| PB 0x0000000697800000| Untracked 
|  95|0x0000000697c00000, 0x0000000697c00000, 0x0000000698000000|  0%| F|  |TAMS 0x0000000697c00000| PB 0x0000000697c00000| Untracked 
|  96|0x0000000698000000, 0x0000000698000000, 0x0000000698400000|  0%| F|  |TAMS 0x0000000698000000| PB 0x0000000698000000| Untracked 
|  97|0x0000000698400000, 0x0000000698400000, 0x0000000698800000|  0%| F|  |TAMS 0x0000000698400000| PB 0x0000000698400000| Untracked 
|  98|0x0000000698800000, 0x0000000698800000, 0x0000000698c00000|  0%| F|  |TAMS 0x0000000698800000| PB 0x0000000698800000| Untracked 
|  99|0x0000000698c00000, 0x0000000698c00000, 0x0000000699000000|  0%| F|  |TAMS 0x0000000698c00000| PB 0x0000000698c00000| Untracked 
| 100|0x0000000699000000, 0x0000000699000000, 0x0000000699400000|  0%| F|  |TAMS 0x0000000699000000| PB 0x0000000699000000| Untracked 
| 101|0x0000000699400000, 0x0000000699400000, 0x0000000699800000|  0%| F|  |TAMS 0x0000000699400000| PB 0x0000000699400000| Untracked 
| 102|0x0000000699800000, 0x0000000699800000, 0x0000000699c00000|  0%| F|  |TAMS 0x0000000699800000| PB 0x0000000699800000| Untracked 
| 103|0x0000000699c00000, 0x0000000699c00000, 0x000000069a000000|  0%| F|  |TAMS 0x0000000699c00000| PB 0x0000000699c00000| Untracked 
| 104|0x000000069a000000, 0x000000069a000000, 0x000000069a400000|  0%| F|  |TAMS 0x000000069a000000| PB 0x000000069a000000| Untracked 
| 105|0x000000069a400000, 0x000000069a400000, 0x000000069a800000|  0%| F|  |TAMS 0x000000069a400000| PB 0x000000069a400000| Untracked 
| 106|0x000000069a800000, 0x000000069a800000, 0x000000069ac00000|  0%| F|  |TAMS 0x000000069a800000| PB 0x000000069a800000| Untracked 
| 107|0x000000069ac00000, 0x000000069ac00000, 0x000000069b000000|  0%| F|  |TAMS 0x000000069ac00000| PB 0x000000069ac00000| Untracked 
| 108|0x000000069b000000, 0x000000069b000000, 0x000000069b400000|  0%| F|  |TAMS 0x000000069b000000| PB 0x000000069b000000| Untracked 
| 109|0x000000069b400000, 0x000000069b400000, 0x000000069b800000|  0%| F|  |TAMS 0x000000069b400000| PB 0x000000069b400000| Untracked 
| 110|0x000000069b800000, 0x000000069b800000, 0x000000069bc00000|  0%| F|  |TAMS 0x000000069b800000| PB 0x000000069b800000| Untracked 
| 111|0x000000069bc00000, 0x000000069bc00000, 0x000000069c000000|  0%| F|  |TAMS 0x000000069bc00000| PB 0x000000069bc00000| Untracked 
| 112|0x000000069c000000, 0x000000069c000000, 0x000000069c400000|  0%| F|  |TAMS 0x000000069c000000| PB 0x000000069c000000| Untracked 
| 113|0x000000069c400000, 0x000000069c400000, 0x000000069c800000|  0%| F|  |TAMS 0x000000069c400000| PB 0x000000069c400000| Untracked 
| 114|0x000000069c800000, 0x000000069c800000, 0x000000069cc00000|  0%| F|  |TAMS 0x000000069c800000| PB 0x000000069c800000| Untracked 
| 115|0x000000069cc00000, 0x000000069cc00000, 0x000000069d000000|  0%| F|  |TAMS 0x000000069cc00000| PB 0x000000069cc00000| Untracked 
| 116|0x000000069d000000, 0x000000069d000000, 0x000000069d400000|  0%| F|  |TAMS 0x000000069d000000| PB 0x000000069d000000| Untracked 
| 117|0x000000069d400000, 0x000000069d400000, 0x000000069d800000|  0%| F|  |TAMS 0x000000069d400000| PB 0x000000069d400000| Untracked 
| 118|0x000000069d800000, 0x000000069d800000, 0x000000069dc00000|  0%| F|  |TAMS 0x000000069d800000| PB 0x000000069d800000| Untracked 
| 119|0x000000069dc00000, 0x000000069dc00000, 0x000000069e000000|  0%| F|  |TAMS 0x000000069dc00000| PB 0x000000069dc00000| Untracked 
| 120|0x000000069e000000, 0x000000069e000000, 0x000000069e400000|  0%| F|  |TAMS 0x000000069e000000| PB 0x000000069e000000| Untracked 
| 121|0x000000069e400000, 0x000000069e400000, 0x000000069e800000|  0%| F|  |TAMS 0x000000069e400000| PB 0x000000069e400000| Untracked 
| 122|0x000000069e800000, 0x000000069e800000, 0x000000069ec00000|  0%| F|  |TAMS 0x000000069e800000| PB 0x000000069e800000| Untracked 
| 123|0x000000069ec00000, 0x000000069ec00000, 0x000000069f000000|  0%| F|  |TAMS 0x000000069ec00000| PB 0x000000069ec00000| Untracked 
| 124|0x000000069f000000, 0x000000069f000000, 0x000000069f400000|  0%| F|  |TAMS 0x000000069f000000| PB 0x000000069f000000| Untracked 
| 125|0x000000069f400000, 0x000000069f400000, 0x000000069f800000|  0%| F|  |TAMS 0x000000069f400000| PB 0x000000069f400000| Untracked 
| 126|0x000000069f800000, 0x000000069f800000, 0x000000069fc00000|  0%| F|  |TAMS 0x000000069f800000| PB 0x000000069f800000| Untracked 
| 127|0x000000069fc00000, 0x000000069fc00000, 0x00000006a0000000|  0%| F|  |TAMS 0x000000069fc00000| PB 0x000000069fc00000| Untracked 
| 128|0x00000006a0000000, 0x00000006a0000000, 0x00000006a0400000|  0%| F|  |TAMS 0x00000006a0000000| PB 0x00000006a0000000| Untracked 
| 129|0x00000006a0400000, 0x00000006a0400000, 0x00000006a0800000|  0%| F|  |TAMS 0x00000006a0400000| PB 0x00000006a0400000| Untracked 
| 130|0x00000006a0800000, 0x00000006a0800000, 0x00000006a0c00000|  0%| F|  |TAMS 0x00000006a0800000| PB 0x00000006a0800000| Untracked 
| 131|0x00000006a0c00000, 0x00000006a0c00000, 0x00000006a1000000|  0%| F|  |TAMS 0x00000006a0c00000| PB 0x00000006a0c00000| Untracked 
| 132|0x00000006a1000000, 0x00000006a1000000, 0x00000006a1400000|  0%| F|  |TAMS 0x00000006a1000000| PB 0x00000006a1000000| Untracked 
| 133|0x00000006a1400000, 0x00000006a1400000, 0x00000006a1800000|  0%| F|  |TAMS 0x00000006a1400000| PB 0x00000006a1400000| Untracked 
| 134|0x00000006a1800000, 0x00000006a1800000, 0x00000006a1c00000|  0%| F|  |TAMS 0x00000006a1800000| PB 0x00000006a1800000| Untracked 
| 135|0x00000006a1c00000, 0x00000006a1c00000, 0x00000006a2000000|  0%| F|  |TAMS 0x00000006a1c00000| PB 0x00000006a1c00000| Untracked 
| 136|0x00000006a2000000, 0x00000006a2000000, 0x00000006a2400000|  0%| F|  |TAMS 0x00000006a2000000| PB 0x00000006a2000000| Untracked 
| 137|0x00000006a2400000, 0x00000006a2400000, 0x00000006a2800000|  0%| F|  |TAMS 0x00000006a2400000| PB 0x00000006a2400000| Untracked 
| 138|0x00000006a2800000, 0x00000006a2800000, 0x00000006a2c00000|  0%| F|  |TAMS 0x00000006a2800000| PB 0x00000006a2800000| Untracked 
| 139|0x00000006a2c00000, 0x00000006a2c00000, 0x00000006a3000000|  0%| F|  |TAMS 0x00000006a2c00000| PB 0x00000006a2c00000| Untracked 
| 140|0x00000006a3000000, 0x00000006a3000000, 0x00000006a3400000|  0%| F|  |TAMS 0x00000006a3000000| PB 0x00000006a3000000| Untracked 
| 141|0x00000006a3400000, 0x00000006a3400000, 0x00000006a3800000|  0%| F|  |TAMS 0x00000006a3400000| PB 0x00000006a3400000| Untracked 
| 142|0x00000006a3800000, 0x00000006a3800000, 0x00000006a3c00000|  0%| F|  |TAMS 0x00000006a3800000| PB 0x00000006a3800000| Untracked 
| 143|0x00000006a3c00000, 0x00000006a3c00000, 0x00000006a4000000|  0%| F|  |TAMS 0x00000006a3c00000| PB 0x00000006a3c00000| Untracked 
| 144|0x00000006a4000000, 0x00000006a4000000, 0x00000006a4400000|  0%| F|  |TAMS 0x00000006a4000000| PB 0x00000006a4000000| Untracked 
| 145|0x00000006a4400000, 0x00000006a4400000, 0x00000006a4800000|  0%| F|  |TAMS 0x00000006a4400000| PB 0x00000006a4400000| Untracked 
| 146|0x00000006a4800000, 0x00000006a4800000, 0x00000006a4c00000|  0%| F|  |TAMS 0x00000006a4800000| PB 0x00000006a4800000| Untracked 
| 147|0x00000006a4c00000, 0x00000006a4c00000, 0x00000006a5000000|  0%| F|  |TAMS 0x00000006a4c00000| PB 0x00000006a4c00000| Untracked 
| 148|0x00000006a5000000, 0x00000006a5000000, 0x00000006a5400000|  0%| F|  |TAMS 0x00000006a5000000| PB 0x00000006a5000000| Untracked 
| 149|0x00000006a5400000, 0x00000006a5400000, 0x00000006a5800000|  0%| F|  |TAMS 0x00000006a5400000| PB 0x00000006a5400000| Untracked 
| 150|0x00000006a5800000, 0x00000006a5800000, 0x00000006a5c00000|  0%| F|  |TAMS 0x00000006a5800000| PB 0x00000006a5800000| Untracked 
| 151|0x00000006a5c00000, 0x00000006a5c00000, 0x00000006a6000000|  0%| F|  |TAMS 0x00000006a5c00000| PB 0x00000006a5c00000| Untracked 
| 152|0x00000006a6000000, 0x00000006a6000000, 0x00000006a6400000|  0%| F|  |TAMS 0x00000006a6000000| PB 0x00000006a6000000| Untracked 
| 153|0x00000006a6400000, 0x00000006a6400000, 0x00000006a6800000|  0%| F|  |TAMS 0x00000006a6400000| PB 0x00000006a6400000| Untracked 
| 154|0x00000006a6800000, 0x00000006a6800000, 0x00000006a6c00000|  0%| F|  |TAMS 0x00000006a6800000| PB 0x00000006a6800000| Untracked 
| 155|0x00000006a6c00000, 0x00000006a6c00000, 0x00000006a7000000|  0%| F|  |TAMS 0x00000006a6c00000| PB 0x00000006a6c00000| Untracked 
| 156|0x00000006a7000000, 0x00000006a7000000, 0x00000006a7400000|  0%| F|  |TAMS 0x00000006a7000000| PB 0x00000006a7000000| Untracked 
| 157|0x00000006a7400000, 0x00000006a7400000, 0x00000006a7800000|  0%| F|  |TAMS 0x00000006a7400000| PB 0x00000006a7400000| Untracked 
| 158|0x00000006a7800000, 0x00000006a7800000, 0x00000006a7c00000|  0%| F|  |TAMS 0x00000006a7800000| PB 0x00000006a7800000| Untracked 
| 159|0x00000006a7c00000, 0x00000006a7c00000, 0x00000006a8000000|  0%| F|  |TAMS 0x00000006a7c00000| PB 0x00000006a7c00000| Untracked 
| 160|0x00000006a8000000, 0x00000006a8000000, 0x00000006a8400000|  0%| F|  |TAMS 0x00000006a8000000| PB 0x00000006a8000000| Untracked 
| 161|0x00000006a8400000, 0x00000006a8400000, 0x00000006a8800000|  0%| F|  |TAMS 0x00000006a8400000| PB 0x00000006a8400000| Untracked 
| 162|0x00000006a8800000, 0x00000006a8800000, 0x00000006a8c00000|  0%| F|  |TAMS 0x00000006a8800000| PB 0x00000006a8800000| Untracked 
| 163|0x00000006a8c00000, 0x00000006a8c00000, 0x00000006a9000000|  0%| F|  |TAMS 0x00000006a8c00000| PB 0x00000006a8c00000| Untracked 
| 164|0x00000006a9000000, 0x00000006a9000000, 0x00000006a9400000|  0%| F|  |TAMS 0x00000006a9000000| PB 0x00000006a9000000| Untracked 
| 165|0x00000006a9400000, 0x00000006a9400000, 0x00000006a9800000|  0%| F|  |TAMS 0x00000006a9400000| PB 0x00000006a9400000| Untracked 
| 166|0x00000006a9800000, 0x00000006a9800000, 0x00000006a9c00000|  0%| F|  |TAMS 0x00000006a9800000| PB 0x00000006a9800000| Untracked 
| 167|0x00000006a9c00000, 0x00000006a9c00000, 0x00000006aa000000|  0%| F|  |TAMS 0x00000006a9c00000| PB 0x00000006a9c00000| Untracked 
| 168|0x00000006aa000000, 0x00000006aa000000, 0x00000006aa400000|  0%| F|  |TAMS 0x00000006aa000000| PB 0x00000006aa000000| Untracked 
| 169|0x00000006aa400000, 0x00000006aa400000, 0x00000006aa800000|  0%| F|  |TAMS 0x00000006aa400000| PB 0x00000006aa400000| Untracked 
| 170|0x00000006aa800000, 0x00000006aa800000, 0x00000006aac00000|  0%| F|  |TAMS 0x00000006aa800000| PB 0x00000006aa800000| Untracked 
| 171|0x00000006aac00000, 0x00000006aac00000, 0x00000006ab000000|  0%| F|  |TAMS 0x00000006aac00000| PB 0x00000006aac00000| Untracked 
| 172|0x00000006ab000000, 0x00000006ab000000, 0x00000006ab400000|  0%| F|  |TAMS 0x00000006ab000000| PB 0x00000006ab000000| Untracked 
| 173|0x00000006ab400000, 0x00000006ab400000, 0x00000006ab800000|  0%| F|  |TAMS 0x00000006ab400000| PB 0x00000006ab400000| Untracked 
| 174|0x00000006ab800000, 0x00000006ab800000, 0x00000006abc00000|  0%| F|  |TAMS 0x00000006ab800000| PB 0x00000006ab800000| Untracked 
| 175|0x00000006abc00000, 0x00000006abc00000, 0x00000006ac000000|  0%| F|  |TAMS 0x00000006abc00000| PB 0x00000006abc00000| Untracked 
| 176|0x00000006ac000000, 0x00000006ac000000, 0x00000006ac400000|  0%| F|  |TAMS 0x00000006ac000000| PB 0x00000006ac000000| Untracked 
| 177|0x00000006ac400000, 0x00000006ac400000, 0x00000006ac800000|  0%| F|  |TAMS 0x00000006ac400000| PB 0x00000006ac400000| Untracked 
| 178|0x00000006ac800000, 0x00000006ac800000, 0x00000006acc00000|  0%| F|  |TAMS 0x00000006ac800000| PB 0x00000006ac800000| Untracked 
| 179|0x00000006acc00000, 0x00000006acc00000, 0x00000006ad000000|  0%| F|  |TAMS 0x00000006acc00000| PB 0x00000006acc00000| Untracked 
| 180|0x00000006ad000000, 0x00000006ad000000, 0x00000006ad400000|  0%| F|  |TAMS 0x00000006ad000000| PB 0x00000006ad000000| Untracked 
| 181|0x00000006ad400000, 0x00000006ad400000, 0x00000006ad800000|  0%| F|  |TAMS 0x00000006ad400000| PB 0x00000006ad400000| Untracked 
| 182|0x00000006ad800000, 0x00000006ad8c3b40, 0x00000006adc00000| 19%| S|CS|TAMS 0x00000006ad800000| PB 0x00000006ad800000| Complete 
| 183|0x00000006adc00000, 0x00000006adc00000, 0x00000006ae000000|  0%| F|  |TAMS 0x00000006adc00000| PB 0x00000006adc00000| Untracked 
| 184|0x00000006ae000000, 0x00000006ae000000, 0x00000006ae400000|  0%| F|  |TAMS 0x00000006ae000000| PB 0x00000006ae000000| Untracked 
| 185|0x00000006ae400000, 0x00000006ae400000, 0x00000006ae800000|  0%| F|  |TAMS 0x00000006ae400000| PB 0x00000006ae400000| Untracked 
| 186|0x00000006ae800000, 0x00000006ae800000, 0x00000006aec00000|  0%| F|  |TAMS 0x00000006ae800000| PB 0x00000006ae800000| Untracked 
| 187|0x00000006aec00000, 0x00000006aec00000, 0x00000006af000000|  0%| F|  |TAMS 0x00000006aec00000| PB 0x00000006aec00000| Untracked 
| 188|0x00000006af000000, 0x00000006af000000, 0x00000006af400000|  0%| F|  |TAMS 0x00000006af000000| PB 0x00000006af000000| Untracked 
| 189|0x00000006af400000, 0x00000006af400000, 0x00000006af800000|  0%| F|  |TAMS 0x00000006af400000| PB 0x00000006af400000| Untracked 
| 190|0x00000006af800000, 0x00000006af800000, 0x00000006afc00000|  0%| F|  |TAMS 0x00000006af800000| PB 0x00000006af800000| Untracked 
| 191|0x00000006afc00000, 0x00000006afc00000, 0x00000006b0000000|  0%| F|  |TAMS 0x00000006afc00000| PB 0x00000006afc00000| Untracked 
| 192|0x00000006b0000000, 0x00000006b0000000, 0x00000006b0400000|  0%| F|  |TAMS 0x00000006b0000000| PB 0x00000006b0000000| Untracked 
| 193|0x00000006b0400000, 0x00000006b0400000, 0x00000006b0800000|  0%| F|  |TAMS 0x00000006b0400000| PB 0x00000006b0400000| Untracked 
| 194|0x00000006b0800000, 0x00000006b0800000, 0x00000006b0c00000|  0%| F|  |TAMS 0x00000006b0800000| PB 0x00000006b0800000| Untracked 
| 195|0x00000006b0c00000, 0x00000006b0edded8, 0x00000006b1000000| 71%| E|  |TAMS 0x00000006b0c00000| PB 0x00000006b0c00000| Complete 
| 196|0x00000006b1000000, 0x00000006b1400000, 0x00000006b1400000|100%| E|CS|TAMS 0x00000006b1000000| PB 0x00000006b1000000| Complete 
| 197|0x00000006b1400000, 0x00000006b1800000, 0x00000006b1800000|100%| E|CS|TAMS 0x00000006b1400000| PB 0x00000006b1400000| Complete 
| 198|0x00000006b1800000, 0x00000006b1c00000, 0x00000006b1c00000|100%| E|CS|TAMS 0x00000006b1800000| PB 0x00000006b1800000| Complete 
| 199|0x00000006b1c00000, 0x00000006b2000000, 0x00000006b2000000|100%| E|CS|TAMS 0x00000006b1c00000| PB 0x00000006b1c00000| Complete 
| 200|0x00000006b2000000, 0x00000006b2400000, 0x00000006b2400000|100%| E|CS|TAMS 0x00000006b2000000| PB 0x00000006b2000000| Complete 
| 201|0x00000006b2400000, 0x00000006b2800000, 0x00000006b2800000|100%| E|CS|TAMS 0x00000006b2400000| PB 0x00000006b2400000| Complete 
| 202|0x00000006b2800000, 0x00000006b2c00000, 0x00000006b2c00000|100%| E|CS|TAMS 0x00000006b2800000| PB 0x00000006b2800000| Complete 

Card table byte_map: [0x0000025beefe0000,0x0000025befbe0000] _byte_map_base: 0x0000025bebbe0000

Marking Bits: (CMBitMap*) 0x0000025bd68264d0
 Bits: [0x0000025befbe0000, 0x0000025bf5be0000)

Polling page: 0x0000025bccc70000

Metaspace:

Usage:
  Non-class:     97.24 MB used.
      Class:     16.56 MB used.
       Both:    113.80 MB used.

Virtual space:
  Non-class space:      128.00 MB reserved,      97.69 MB ( 76%) committed,  2 nodes.
      Class space:        1.00 GB reserved,      16.94 MB (  2%) committed,  1 nodes.
             Both:        1.12 GB reserved,     114.62 MB ( 10%) committed. 

Chunk freelists:
   Non-Class:  14.17 MB
       Class:  14.90 MB
        Both:  29.07 MB

MaxMetaspaceSize: unlimited
CompressedClassSpaceSize: 1.00 GB
Initial GC threshold: 21.00 MB
Current GC threshold: 190.94 MB
CDS: on
 - commit_granule_bytes: 65536.
 - commit_granule_words: 8192.
 - virtual_space_node_default_size: 8388608.
 - enlarge_chunks_in_place: 1.
 - use_allocation_guard: 0.


Internal statistics:

num_allocs_failed_limit: 12.
num_arena_births: 1218.
num_arena_deaths: 0.
num_vsnodes_births: 3.
num_vsnodes_deaths: 0.
num_space_committed: 1826.
num_space_uncommitted: 0.
num_chunks_returned_to_freelist: 12.
num_chunks_taken_from_freelist: 4599.
num_chunk_merges: 6.
num_chunk_splits: 3407.
num_chunks_enlarged: 2595.
num_inconsistent_stats: 0.

CodeHeap 'non-profiled nmethods': size=119168Kb used=13415Kb max_used=28647Kb free=105752Kb
 bounds [0x0000025be6e70000, 0x0000025be8a70000, 0x0000025bee2d0000]
CodeHeap 'profiled nmethods': size=119104Kb used=8859Kb max_used=40460Kb free=110244Kb
 bounds [0x0000025bdf2d0000, 0x0000025be1a60000, 0x0000025be6720000]
CodeHeap 'non-nmethods': size=7488Kb used=4131Kb max_used=4222Kb free=3356Kb
 bounds [0x0000025be6720000, 0x0000025be6b50000, 0x0000025be6e70000]
 total_blobs=8458 nmethods=7119 adapters=1233
 compilation: enabled
              stopped_count=0, restarted_count=0
 full_count=0

Compilation events (20 events):
Event: 2388.068 Thread 0x0000025c586928b0 nmethod 62228 0x0000025be7c13710 code [0x0000025be7c138e0, 0x0000025be7c13e70]
Event: 2388.078 Thread 0x0000025c58692f80 nmethod 62231 0x0000025be7c11d90 code [0x0000025be7c11fc0, 0x0000025be7c13240]
Event: 2388.090 Thread 0x0000025bd6a47740 nmethod 62230% 0x0000025be73fd790 code [0x0000025be73fdbe0, 0x0000025be73ffe70]
Event: 2388.127 Thread 0x0000025c58697a70 62232       3       de.javasoft.plaf.synthetica.painter.ProgressBarPainter::isBorderPainted (18 bytes)
Event: 2388.128 Thread 0x0000025c58697a70 nmethod 62232 0x0000025be12a5190 code [0x0000025be12a5340, 0x0000025be12a55b8]
Event: 2388.227 Thread 0x0000025c58697a70 62233       1       javax.swing.JProgressBar::getOrientation (5 bytes)
Event: 2388.227 Thread 0x0000025c58697a70 nmethod 62233 0x0000025be71cba10 code [0x0000025be71cbba0, 0x0000025be71cbc70]
Event: 2388.227 Thread 0x0000025bd6a47740 62234       4       java.awt.RenderingHints::get (12 bytes)
Event: 2388.230 Thread 0x0000025bd6a47740 nmethod 62234 0x0000025be7c11390 code [0x0000025be7c11560, 0x0000025be7c11858]
Event: 2388.238 Thread 0x0000025bd6a47740 62235       4       com.google.protobuf.Utf8::isValidUtf8 (10 bytes)
Event: 2388.238 Thread 0x0000025c586943f0 62236       4       com.google.protobuf.ByteString$LiteralByteString::size (6 bytes)
Event: 2388.238 Thread 0x0000025bd6a584c0 62239       3       ui.views.waveform.executive.protobuf.WVNameValue$WVNameNode$1::parsePartialFrom (7 bytes)
Event: 2388.238 Thread 0x0000025c58696cd0 62240       3       ui.views.waveform.executive.protobuf.WVNameValue$WVNameNode$1::parsePartialFrom (10 bytes)
Event: 2388.238 Thread 0x0000025c58697a70 62242       3       ui.views.waveform.executive.protobuf.WVNameValue$WVNode::<init> (40 bytes)
Event: 2388.238 Thread 0x0000025c58693d20 62243       2       ui.views.waveform.executive.protobuf.WVNameValue$WVNode$1::parsePartialFrom (7 bytes)
Event: 2388.238 Thread 0x0000025c58696cd0 nmethod 62240 0x0000025be010f310 code [0x0000025be010f4c0, 0x0000025be010f678]
Event: 2388.239 Thread 0x0000025bd6a584c0 nmethod 62239 0x0000025be12a4c90 code [0x0000025be12a4e40, 0x0000025be12a5050]
Event: 2388.239 Thread 0x0000025c58693d20 nmethod 62243 0x0000025be12a4810 code [0x0000025be12a49c0, 0x0000025be12a4b58]
Event: 2388.239 Thread 0x0000025c58697a70 nmethod 62242 0x0000025be12a4190 code [0x0000025be12a4360, 0x0000025be12a46f0]
Event: 2388.239 Thread 0x0000025bd6a584c0 62245       2       ui.views.waveform.executive.protobuf.WVNameValue$WVNode::isInitialized (81 bytes)

GC Heap History (20 events):
Event: 2377.471 GC heap before
{Heap before GC invocations=1330 (full 1046):
 garbage-first heap   total 831488K, used 141527K [0x0000000680000000, 0x0000000800000000)
  region size 4096K, 1 young (4096K), 0 survivors (0K)
 Metaspace       used 116496K, committed 117312K, reserved 1179648K
  class space    used 16956K, committed 17344K, reserved 1048576K
}
Event: 2377.513 GC heap after
{Heap after GC invocations=1331 (full 1047):
 garbage-first heap   total 831488K, used 129241K [0x0000000680000000, 0x0000000800000000)
  region size 4096K, 0 young (0K), 0 survivors (0K)
 Metaspace       used 116496K, committed 117312K, reserved 1179648K
  class space    used 16956K, committed 17344K, reserved 1048576K
}
Event: 2377.554 GC heap before
{Heap before GC invocations=1331 (full 1047):
 garbage-first heap   total 831488K, used 141529K [0x0000000680000000, 0x0000000800000000)
  region size 4096K, 1 young (4096K), 0 survivors (0K)
 Metaspace       used 116496K, committed 117312K, reserved 1179648K
  class space    used 16956K, committed 17344K, reserved 1048576K
}
Event: 2377.596 GC heap after
{Heap after GC invocations=1332 (full 1048):
 garbage-first heap   total 831488K, used 129240K [0x0000000680000000, 0x0000000800000000)
  region size 4096K, 0 young (0K), 0 survivors (0K)
 Metaspace       used 116496K, committed 117312K, reserved 1179648K
  class space    used 16956K, committed 17344K, reserved 1048576K
}
Event: 2378.121 GC heap before
{Heap before GC invocations=1332 (full 1048):
 garbage-first heap   total 831488K, used 141528K [0x0000000680000000, 0x0000000800000000)
  region size 4096K, 1 young (4096K), 0 survivors (0K)
 Metaspace       used 116496K, committed 117312K, reserved 1179648K
  class space    used 16956K, committed 17344K, reserved 1048576K
}
Event: 2378.168 GC heap after
{Heap after GC invocations=1333 (full 1049):
 garbage-first heap   total 831488K, used 129242K [0x0000000680000000, 0x0000000800000000)
  region size 4096K, 0 young (0K), 0 survivors (0K)
 Metaspace       used 116496K, committed 117312K, reserved 1179648K
  class space    used 16956K, committed 17344K, reserved 1048576K
}
Event: 2378.209 GC heap before
{Heap before GC invocations=1333 (full 1049):
 garbage-first heap   total 831488K, used 137434K [0x0000000680000000, 0x0000000800000000)
  region size 4096K, 1 young (4096K), 0 survivors (0K)
 Metaspace       used 116496K, committed 117312K, reserved 1179648K
  class space    used 16956K, committed 17344K, reserved 1048576K
}
Event: 2378.253 GC heap after
{Heap after GC invocations=1334 (full 1050):
 garbage-first heap   total 831488K, used 129240K [0x0000000680000000, 0x0000000800000000)
  region size 4096K, 0 young (0K), 0 survivors (0K)
 Metaspace       used 116496K, committed 117312K, reserved 1179648K
  class space    used 16956K, committed 17344K, reserved 1048576K
}
Event: 2378.293 GC heap before
{Heap before GC invocations=1334 (full 1050):
 garbage-first heap   total 831488K, used 141528K [0x0000000680000000, 0x0000000800000000)
  region size 4096K, 1 young (4096K), 0 survivors (0K)
 Metaspace       used 116496K, committed 117312K, reserved 1179648K
  class space    used 16956K, committed 17344K, reserved 1048576K
}
Event: 2378.334 GC heap after
{Heap after GC invocations=1335 (full 1051):
 garbage-first heap   total 831488K, used 129242K [0x0000000680000000, 0x0000000800000000)
  region size 4096K, 0 young (0K), 0 survivors (0K)
 Metaspace       used 116496K, committed 117312K, reserved 1179648K
  class space    used 16956K, committed 17344K, reserved 1048576K
}
Event: 2378.405 GC heap before
{Heap before GC invocations=1335 (full 1051):
 garbage-first heap   total 831488K, used 141530K [0x0000000680000000, 0x0000000800000000)
  region size 4096K, 1 young (4096K), 0 survivors (0K)
 Metaspace       used 116496K, committed 117312K, reserved 1179648K
  class space    used 16956K, committed 17344K, reserved 1048576K
}
Event: 2378.448 GC heap after
{Heap after GC invocations=1336 (full 1052):
 garbage-first heap   total 831488K, used 129240K [0x0000000680000000, 0x0000000800000000)
  region size 4096K, 0 young (0K), 0 survivors (0K)
 Metaspace       used 116496K, committed 117312K, reserved 1179648K
  class space    used 16956K, committed 17344K, reserved 1048576K
}
Event: 2378.492 GC heap before
{Heap before GC invocations=1336 (full 1052):
 garbage-first heap   total 831488K, used 141528K [0x0000000680000000, 0x0000000800000000)
  region size 4096K, 1 young (4096K), 0 survivors (0K)
 Metaspace       used 116496K, committed 117312K, reserved 1179648K
  class space    used 16956K, committed 17344K, reserved 1048576K
}
Event: 2378.535 GC heap after
{Heap after GC invocations=1337 (full 1053):
 garbage-first heap   total 831488K, used 129241K [0x0000000680000000, 0x0000000800000000)
  region size 4096K, 0 young (0K), 0 survivors (0K)
 Metaspace       used 116496K, committed 117312K, reserved 1179648K
  class space    used 16956K, committed 17344K, reserved 1048576K
}
Event: 2378.574 GC heap before
{Heap before GC invocations=1337 (full 1053):
 garbage-first heap   total 831488K, used 137433K [0x0000000680000000, 0x0000000800000000)
  region size 4096K, 1 young (4096K), 0 survivors (0K)
 Metaspace       used 116496K, committed 117312K, reserved 1179648K
  class space    used 16956K, committed 17344K, reserved 1048576K
}
Event: 2378.618 GC heap after
{Heap after GC invocations=1338 (full 1054):
 garbage-first heap   total 831488K, used 129241K [0x0000000680000000, 0x0000000800000000)
  region size 4096K, 0 young (0K), 0 survivors (0K)
 Metaspace       used 116496K, committed 117312K, reserved 1179648K
  class space    used 16956K, committed 17344K, reserved 1048576K
}
Event: 2378.658 GC heap before
{Heap before GC invocations=1338 (full 1054):
 garbage-first heap   total 831488K, used 141529K [0x0000000680000000, 0x0000000800000000)
  region size 4096K, 1 young (4096K), 0 survivors (0K)
 Metaspace       used 116496K, committed 117312K, reserved 1179648K
  class space    used 16956K, committed 17344K, reserved 1048576K
}
Event: 2378.700 GC heap after
{Heap after GC invocations=1339 (full 1055):
 garbage-first heap   total 831488K, used 129241K [0x0000000680000000, 0x0000000800000000)
  region size 4096K, 0 young (0K), 0 survivors (0K)
 Metaspace       used 116496K, committed 117312K, reserved 1179648K
  class space    used 16956K, committed 17344K, reserved 1048576K
}
Event: 2385.161 GC heap before
{Heap before GC invocations=1339 (full 1055):
 garbage-first heap   total 831488K, used 215257K [0x0000000680000000, 0x0000000800000000)
  region size 4096K, 20 young (81920K), 0 survivors (0K)
 Metaspace       used 116514K, committed 117312K, reserved 1179648K
  class space    used 16956K, committed 17344K, reserved 1048576K
}
Event: 2385.163 GC heap after
{Heap after GC invocations=1340 (full 1055):
 garbage-first heap   total 831488K, used 134120K [0x0000000680000000, 0x0000000800000000)
  region size 4096K, 1 young (4096K), 1 survivors (4096K)
 Metaspace       used 116514K, committed 117312K, reserved 1179648K
  class space    used 16956K, committed 17344K, reserved 1048576K
}

Dll operation events (20 events):
Event: 8.919 Loaded shared library C:\Xilinx\2025.1\Vivado\lib\win64.o\xv_labtoolstasks.dll
Event: 8.956 Loaded shared library C:\Xilinx\2025.1\Vivado\lib\win64.o\xv_simtcltasks.dll
Event: 9.034 Loaded shared library C:\Xilinx\2025.1\Vivado\lib\win64.o\xv_ipservicestasks.dll
Event: 9.037 Loaded shared library C:\Xilinx\2025.1\Vivado\lib\win64.o\xv_vivadotasks.dll
Event: 9.039 Loaded shared library C:\Xilinx\2025.1\Vivado\lib\win64.o\xv_board.dll
Event: 9.041 Loaded shared library C:\Xilinx\2025.1\Vivado\lib\win64.o\xv_boarddep.dll
Event: 9.043 Loaded shared library C:\Xilinx\2025.1\Vivado\lib\win64.o\xv_boardcommontasks.dll
Event: 9.044 Loaded shared library C:\Xilinx\2025.1\Vivado\lib\win64.o\xv_ptgen.dll
Event: 9.046 Loaded shared library C:\Xilinx\2025.1\Vivado\lib\win64.o\xv_ip.dll
Event: 9.048 Loaded shared library C:\Xilinx\2025.1\Vivado\lib\win64.o\xv_mig.dll
Event: 9.051 Loaded shared library C:\Xilinx\2025.1\Vivado\lib\win64.o\xv_implflow.dll
Event: 9.053 Loaded shared library C:\Xilinx\2025.1\Vivado\lib\win64.o\xv_xhubtasks.dll
Event: 9.154 Loaded shared library C:\Xilinx\2025.1\Vivado\lib\win64.o\xv_iptasks.dll
Event: 9.156 Loaded shared library C:\Xilinx\2025.1\Vivado\lib\win64.o\xv_synth.dll
Event: 11.133 Loaded shared library C:\Xilinx\2025.1\Vivado\tps\win64\jre21.0.1_12\bin\verify.dll
Event: 11.212 Loaded shared library C:\Xilinx\2025.1\Vivado\tps\win64\jre21.0.1_12\bin\freetype.dll
Event: 11.216 Loaded shared library C:\Xilinx\2025.1\Vivado\tps\win64\jre21.0.1_12\bin\fontmanager.dll
Event: 17.581 Loaded shared library C:\Xilinx\2025.1\Vivado\lib\win64.o\xv_xhub.dll
Event: 23.167 Loaded shared library C:\Xilinx\2025.1\Vivado\tps\win64\jre21.0.1_12\bin\management.dll
Event: 23.169 Loaded shared library C:\Xilinx\2025.1\Vivado\tps\win64\jre21.0.1_12\bin\management_ext.dll

Deoptimization events (20 events):
Event: 2339.771 Thread 0x0000025bd5c35390 DEOPT PACKING pc=0x0000025be8865844 sp=0x000000c1b7cfde50
Event: 2339.771 Thread 0x0000025bd5c35390 DEOPT UNPACKING pc=0x0000025be67746a2 sp=0x000000c1b7cfdde8 mode 2
Event: 2381.550 Thread 0x0000025bd5c35390 DEOPT PACKING pc=0x0000025bdf6b2f58 sp=0x000000c1b7cfd1d0
Event: 2381.550 Thread 0x0000025bd5c35390 DEOPT UNPACKING pc=0x0000025be6774e42 sp=0x000000c1b7cfc620 mode 0
Event: 2381.957 Thread 0x0000025bd5c35390 DEOPT PACKING pc=0x0000025be0d6f478 sp=0x000000c1b7cfd270
Event: 2381.957 Thread 0x0000025bd5c35390 DEOPT UNPACKING pc=0x0000025be6774e42 sp=0x000000c1b7cfc720 mode 0
Event: 2383.706 Thread 0x0000025bd5c35390 DEOPT PACKING pc=0x0000025bdf31d888 sp=0x000000c1b7cfd6d0
Event: 2383.706 Thread 0x0000025bd5c35390 DEOPT UNPACKING pc=0x0000025be6774e42 sp=0x000000c1b7cfcb60 mode 0
Event: 2383.825 Thread 0x0000025bd5c35390 DEOPT PACKING pc=0x0000025be0afaaf3 sp=0x000000c1b7cfcd00
Event: 2383.825 Thread 0x0000025bd5c35390 DEOPT UNPACKING pc=0x0000025be6774e42 sp=0x000000c1b7cfc180 mode 0
Event: 2385.117 Thread 0x0000025bd5c35390 Uncommon trap: trap_request=0xffffff45 fr.pc=0x0000025be7d939c0 relative=0x00000000000000a0
Event: 2385.117 Thread 0x0000025bd5c35390 Uncommon trap: reason=unstable_if action=reinterpret pc=0x0000025be7d939c0 method=com.jidesoft.editor.DefaultSpan.isValid()Z @ 18 c2
Event: 2385.117 Thread 0x0000025bd5c35390 DEOPT PACKING pc=0x0000025be7d939c0 sp=0x000000c1b7cfee30
Event: 2385.118 Thread 0x0000025bd5c35390 DEOPT UNPACKING pc=0x0000025be67746a2 sp=0x000000c1b7cfedc0 mode 2
Event: 2385.729 Thread 0x0000025bd5c35390 DEOPT PACKING pc=0x0000025bdfca4649 sp=0x000000c1b7cfce90
Event: 2385.729 Thread 0x0000025bd5c35390 DEOPT UNPACKING pc=0x0000025be6774e42 sp=0x000000c1b7cfc3b8 mode 0
Event: 2387.574 Thread 0x0000025bd5c35390 DEOPT PACKING pc=0x0000025bdf3b1f66 sp=0x000000c1b7cfd090
Event: 2387.574 Thread 0x0000025bd5c35390 DEOPT UNPACKING pc=0x0000025be6774e42 sp=0x000000c1b7cfc518 mode 0
Event: 2387.574 Thread 0x0000025bd5c35390 DEOPT PACKING pc=0x0000025bdfd4cafc sp=0x000000c1b7cfd070
Event: 2387.574 Thread 0x0000025bd5c35390 DEOPT UNPACKING pc=0x0000025be6774e42 sp=0x000000c1b7cfc510 mode 0

Classes loaded (20 events):
Event: 1438.983 Loading class javax/swing/text/html/TableView$ColumnIterator
Event: 1438.983 Loading class javax/swing/text/html/TableView$ColumnIterator done
Event: 1438.983 Loading class javax/swing/text/html/TableView$RowView
Event: 1438.983 Loading class javax/swing/text/html/TableView$RowView done
Event: 1438.983 Loading class javax/swing/text/html/TableView$CellView
Event: 1438.983 Loading class javax/swing/text/html/TableView$CellView done
Event: 1832.874 Loading class javax/swing/PopupFactory$MediumWeightPopup
Event: 1832.875 Loading class javax/swing/PopupFactory$MediumWeightPopup done
Event: 1832.875 Loading class javax/swing/PopupFactory$MediumWeightPopup$MediumWeightComponent
Event: 1832.875 Loading class javax/swing/SwingHeavyWeight
Event: 1832.875 Loading class javax/swing/SwingHeavyWeight done
Event: 1832.875 Loading class javax/swing/PopupFactory$MediumWeightPopup$MediumWeightComponent done
Event: 1833.016 Loading class sun/awt/geom/Crossings$EvenOdd
Event: 1833.016 Loading class sun/awt/geom/Crossings
Event: 1833.016 Loading class sun/awt/geom/Crossings done
Event: 1833.016 Loading class sun/awt/geom/Crossings$EvenOdd done
Event: 2317.878 Loading class javax/swing/undo/UndoManager$Action
Event: 2317.878 Loading class javax/swing/undo/UndoManager$Action done
Event: 2366.936 Loading class sun/util/locale/LocaleExtensions
Event: 2366.936 Loading class sun/util/locale/LocaleExtensions done

Classes unloaded (0 events):
No events

Classes redefined (0 events):
No events

Internal exceptions (20 events):
Event: 1436.403 Thread 0x0000025bd5c35390 Implicit null exception at 0x0000025be80467df to 0x0000025be804699c
Event: 1437.162 Thread 0x0000025bd5c35390 Exception <a 'java/lang/NoSuchMethodError'{0x00000006b0ef6b50}: 'void java.lang.invoke.Invokers$Holder.invokeExact_MT(java.lang.Object, java.lang.Object, int, java.lang.Object)'> (0x00000006b0ef6b50) 
thrown [s\src\hotspot\share\interpreter\linkResolver.cpp, line 773]
Event: 1437.451 Thread 0x0000025bd5c35390 Implicit null exception at 0x0000025be72492e0 to 0x0000025be7249bf9
Event: 1437.638 Thread 0x0000025bd5c35390 Implicit null exception at 0x0000025be73e10b2 to 0x0000025be73e33c8
Event: 1437.639 Thread 0x0000025bd5c35390 Implicit null exception at 0x0000025be7263cda to 0x0000025be7263d24
Event: 1438.814 Thread 0x0000025bd5c35390 Exception <a 'java/lang/ClassNotFoundException'{0x00000006b135e170}: ui/views/F/a/fBeanInfo> (0x00000006b135e170) 
thrown [s\src\hotspot\share\classfile\systemDictionary.cpp, line 312]
Event: 1438.814 Thread 0x0000025bd5c35390 Exception <a 'java/lang/ClassNotFoundException'{0x00000006b1361570}: ui/utils/swing/p/c/fBeanInfo> (0x00000006b1361570) 
thrown [s\src\hotspot\share\classfile\systemDictionary.cpp, line 312]
Event: 1438.814 Thread 0x0000025bd5c35390 Exception <a 'java/lang/ClassNotFoundException'{0x00000006b1364940}: ui/utils/swing/p/c/fCustomizer> (0x00000006b1364940) 
thrown [s\src\hotspot\share\classfile\systemDictionary.cpp, line 312]
Event: 1438.816 Thread 0x0000025bd5c35390 Exception <a 'java/lang/ClassNotFoundException'{0x00000006b1384eb8}: ui/views/F/a/fCustomizer> (0x00000006b1384eb8) 
thrown [s\src\hotspot\share\classfile\systemDictionary.cpp, line 312]
Event: 1438.985 Thread 0x0000025bd5c35390 Implicit null exception at 0x0000025be7011c7f to 0x0000025be7011fd0
Event: 1438.985 Thread 0x0000025bd5c35390 Implicit null exception at 0x0000025be7bf4b23 to 0x0000025be7bf4fa4
Event: 1439.525 Thread 0x0000025bd5c35390 Implicit null exception at 0x0000025be8756e93 to 0x0000025be8756ee6
Event: 1592.218 Thread 0x0000025bd5c35390 Implicit null exception at 0x0000025be89f3965 to 0x0000025be89f41d4
Event: 1638.588 Thread 0x0000025bc27ccb50 Exception <a 'java/lang/InterruptedException'{0x00000006adc2d0c0}: sleep interrupted> (0x00000006adc2d0c0) 
thrown [s\src\hotspot\share\prims\jvm.cpp, line 3052]
Event: 1689.984 Thread 0x0000025bc27d3450 Exception <a 'java/lang/InterruptedException'{0x00000006b06b66b8}: sleep interrupted> (0x00000006b06b66b8) 
thrown [s\src\hotspot\share\prims\jvm.cpp, line 3052]
Event: 1689.984 Thread 0x0000025bc27d3450 Exception <a 'java/lang/InterruptedException'{0x00000006b06c1978}: sleep interrupted> (0x00000006b06c1978) 
thrown [s\src\hotspot\share\prims\jvm.cpp, line 3052]
Event: 1827.510 Thread 0x0000025bd5c35390 Implicit null exception at 0x0000025be70c09e1 to 0x0000025be70c0a06
Event: 1827.510 Thread 0x0000025bd5c35390 Implicit null exception at 0x0000025be7d904e1 to 0x0000025be7d90506
Event: 1832.204 Thread 0x0000025bd5c35390 Implicit null exception at 0x0000025be6f6a6da to 0x0000025be6f6a78d
Event: 2387.576 Thread 0x0000025bc27d0660 Exception <a 'java/lang/InterruptedException'{0x00000006b1030620}: sleep interrupted> (0x00000006b1030620) 
thrown [s\src\hotspot\share\prims\jvm.cpp, line 3074]

ZGC Phase Switch (0 events):
No events

VM Operations (20 events):
Event: 2383.746 Executing VM operation: ICBufferFull
Event: 2383.746 Executing VM operation: ICBufferFull done
Event: 2383.815 Executing VM operation: ICBufferFull
Event: 2383.815 Executing VM operation: ICBufferFull done
Event: 2383.973 Executing VM operation: ICBufferFull
Event: 2383.973 Executing VM operation: ICBufferFull done
Event: 2384.890 Executing VM operation: ICBufferFull
Event: 2384.890 Executing VM operation: ICBufferFull done
Event: 2384.977 Executing VM operation: ICBufferFull
Event: 2384.977 Executing VM operation: ICBufferFull done
Event: 2385.022 Executing VM operation: ICBufferFull
Event: 2385.022 Executing VM operation: ICBufferFull done
Event: 2385.161 Executing VM operation: G1CollectForAllocation (G1 Evacuation Pause)
Event: 2385.163 Executing VM operation: G1CollectForAllocation (G1 Evacuation Pause) done
Event: 2386.019 Executing VM operation: ICBufferFull
Event: 2386.019 Executing VM operation: ICBufferFull done
Event: 2387.020 Executing VM operation: Cleanup
Event: 2387.020 Executing VM operation: Cleanup done
Event: 2387.672 Executing VM operation: ICBufferFull
Event: 2387.672 Executing VM operation: ICBufferFull done

Events (20 events):
Event: 2387.575 Thread 0x0000025c586928b0 Thread added: 0x0000025c586928b0
Event: 2387.576 Thread 0x0000025bc27d0660 Thread exited: 0x0000025bc27d0660
Event: 2387.577 Thread 0x0000025c0927fe60 Thread added: 0x0000025c0927fe60
Event: 2387.577 Thread 0x0000025c09284000 Thread added: 0x0000025c09284000
Event: 2387.577 Thread 0x0000025c09281210 Thread added: 0x0000025c09281210
Event: 2387.589 Thread 0x0000025c48077120 Thread added: 0x0000025c48077120
Event: 2387.627 Thread 0x0000025c58696600 Thread added: 0x0000025c58696600
Event: 2387.637 Thread 0x0000025c58692f80 Thread added: 0x0000025c58692f80
Event: 2387.637 Thread 0x0000025c5869aa20 Thread added: 0x0000025c5869aa20
Event: 2387.665 Thread 0x0000025c09281210 Thread exited: 0x0000025c09281210
Event: 2387.668 Thread 0x0000025c5869b7c0 Thread added: 0x0000025c5869b7c0
Event: 2387.668 Thread 0x0000025c5869be90 Thread added: 0x0000025c5869be90
Event: 2387.977 Thread 0x0000025c48077e40 Thread added: 0x0000025c48077e40
Event: 2387.977 Thread 0x0000025c48077e40 Thread exited: 0x0000025c48077e40
Event: 2387.992 Thread 0x0000025c5869be90 Thread exited: 0x0000025c5869be90
Event: 2387.992 Thread 0x0000025c5869b7c0 Thread exited: 0x0000025c5869b7c0
Event: 2388.065 Thread 0x0000025c5869aa20 Thread exited: 0x0000025c5869aa20
Event: 2388.166 Thread 0x0000025c48079f10 Thread added: 0x0000025c48079f10
Event: 2388.227 Thread 0x0000025c58692f80 Thread exited: 0x0000025c58692f80
Event: 2388.227 Thread 0x0000025c58696600 Thread exited: 0x0000025c58696600


Dynamic libraries:
0x00007ff7a5d00000 - 0x00007ff7a5d08000 	C:\Xilinx\2025.1\Vivado\bin\unwrapped\win64.o\vivado.exe
0x00007ffe76c00000 - 0x00007ffe76e68000 	C:\WINDOWS\SYSTEM32\ntdll.dll
0x00007ffe759b0000 - 0x00007ffe75a79000 	C:\WINDOWS\System32\KERNEL32.DLL
0x00007ffe73d50000 - 0x00007ffe7413d000 	C:\WINDOWS\System32\KERNELBASE.dll
0x00007ffe707d0000 - 0x00007ffe7086e000 	C:\WINDOWS\SYSTEM32\apphelp.dll
0x00007ffe74460000 - 0x00007ffe745ab000 	C:\WINDOWS\System32\ucrtbase.dll
0x00007ffe5a760000 - 0x00007ffe5a7ed000 	C:\WINDOWS\SYSTEM32\MSVCP140.dll
0x00007ffe5f2c0000 - 0x00007ffe5f2cc000 	C:\WINDOWS\SYSTEM32\VCRUNTIME140_1.dll
0x00007ffe5a740000 - 0x00007ffe5a75e000 	C:\WINDOWS\SYSTEM32\VCRUNTIME140.dll
0x00007ffe6e3e0000 - 0x00007ffe6e407000 	C:\Xilinx\2025.1\Vivado\lib\win64.o\xv_commonmain.dll
0x00007ffe6e4a0000 - 0x00007ffe6e4ac000 	C:\Xilinx\2025.1\Vivado\lib\win64.o\xv_commonversion.dll
0x00007ffe2c110000 - 0x00007ffe2c360000 	C:\Xilinx\2025.1\Vivado\lib\win64.o\xv_commonxillic.dll
0x00007ffe76860000 - 0x00007ffe768d4000 	C:\WINDOWS\System32\WS2_32.dll
0x00007ffe768e0000 - 0x00007ffe769f8000 	C:\WINDOWS\System32\RPCRT4.dll
0x00007ffe74e80000 - 0x00007ffe7504c000 	C:\WINDOWS\System32\USER32.dll
0x00007ffe74140000 - 0x00007ffe74167000 	C:\WINDOWS\System32\win32u.dll
0x00007ffe76530000 - 0x00007ffe7655b000 	C:\WINDOWS\System32\GDI32.dll
0x00007ffe74860000 - 0x00007ffe74997000 	C:\WINDOWS\System32\gdi32full.dll
0x00007ffe74170000 - 0x00007ffe74213000 	C:\WINDOWS\System32\msvcp_win.dll
0x00007ffe75090000 - 0x00007ffe75144000 	C:\WINDOWS\System32\ADVAPI32.dll
0x00007ffe75f10000 - 0x00007ffe75fb9000 	C:\WINDOWS\System32\msvcrt.dll
0x00007ffe76570000 - 0x00007ffe76616000 	C:\WINDOWS\System32\sechost.dll
0x00007ffe6abc0000 - 0x00007ffe6abea000 	C:\Xilinx\2025.1\Vivado\lib\win64.o\boost_filesystem.dll
0x00007ffdf17f0000 - 0x00007ffdf1991000 	C:\Xilinx\2025.1\Vivado\lib\win64.o\tcl86t.dll
0x00007ffdeb790000 - 0x00007ffdebedb000 	C:\Xilinx\2025.1\Vivado\lib\win64.o\python313.dll
0x00007ffe35ad0000 - 0x00007ffe35ada000 	C:\WINDOWS\SYSTEM32\WSOCK32.dll
0x00007ffdea0e0000 - 0x00007ffdeb787000 	C:\Xilinx\2025.1\Vivado\lib\win64.o\xv_common.dll
0x00007ffe75150000 - 0x00007ffe7589a000 	C:\WINDOWS\System32\SHELL32.dll
0x00007ffe742e0000 - 0x00007ffe74454000 	C:\WINDOWS\System32\wintypes.dll
0x00007ffe74af0000 - 0x00007ffe74e76000 	C:\WINDOWS\System32\combase.dll
0x00007ffe74650000 - 0x00007ffe746d4000 	C:\WINDOWS\System32\WINTRUST.dll
0x00007ffe73c30000 - 0x00007ffe73c56000 	C:\WINDOWS\SYSTEM32\bcrypt.dll
0x00007ffe4be90000 - 0x00007ffe4beaa000 	C:\WINDOWS\SYSTEM32\NETAPI32.dll
0x00007ffe731e0000 - 0x00007ffe7320b000 	C:\WINDOWS\SYSTEM32\USERENV.dll
0x00007ffde9050000 - 0x00007ffdea0da000 	C:\Xilinx\2025.1\Vivado\lib\win64.o\xv_isl_iostreams.dll
0x00007ffe6bb00000 - 0x00007ffe6bb0b000 	C:\WINDOWS\SYSTEM32\VERSION.dll
0x00007ffe59cc0000 - 0x00007ffe59f49000 	C:\WINDOWS\SYSTEM32\WININET.dll
0x00007ffe6cfb0000 - 0x00007ffe6d0ce000 	C:\WINDOWS\SYSTEM32\WINHTTP.dll
0x00007ffe57040000 - 0x00007ffe57224000 	C:\WINDOWS\SYSTEM32\urlmon.dll
0x00007ffdee640000 - 0x00007ffdee956000 	C:\Xilinx\2025.1\Vivado\lib\win64.o\libXil_lmgr11.dll
0x00007ffe758b0000 - 0x00007ffe759a8000 	C:\WINDOWS\System32\COMDLG32.dll
0x00007ffe76a70000 - 0x00007ffe76b65000 	C:\WINDOWS\System32\shcore.dll
0x00007ffe76a00000 - 0x00007ffe76a6a000 	C:\WINDOWS\System32\SHLWAPI.dll
0x00007ffe74a00000 - 0x00007ffe74ae0000 	C:\WINDOWS\System32\OLEAUT32.dll
0x00007ffe76380000 - 0x00007ffe7651e000 	C:\WINDOWS\System32\ole32.dll
0x00007ffe746e0000 - 0x00007ffe74857000 	C:\WINDOWS\System32\CRYPT32.dll
0x00007ffe58500000 - 0x00007ffe58644000 	C:\Xilinx\2025.1\Vivado\lib\win64.o\boost_regex.dll
0x00007ffe6a5e0000 - 0x00007ffe6a5f9000 	C:\Xilinx\2025.1\Vivado\lib\win64.o\boost_date_time.dll
0x00007ffe6a550000 - 0x00007ffe6a57a000 	C:\Xilinx\2025.1\Vivado\lib\win64.o\zlib1.dll
0x00007ffe6a520000 - 0x00007ffe6a547000 	C:\Xilinx\2025.1\Vivado\lib\win64.o\boost_thread.dll
0x00007ffe6a4f0000 - 0x00007ffe6a514000 	C:\Xilinx\2025.1\Vivado\lib\win64.o\xv_isl_sysinfo.dll
0x00007ffe57eb0000 - 0x00007ffe57f44000 	C:\Xilinx\2025.1\Vivado\lib\win64.o\boost_program_options.dll
0x00007ffe6e460000 - 0x00007ffe6e470000 	C:\Xilinx\2025.1\Vivado\lib\win64.o\xv_boost_xilinx.dll
0x00007ffe5a900000 - 0x00007ffe5a91c000 	C:\Xilinx\2025.1\Vivado\lib\win64.o\librdiconfig.dll
0x00007ffe46b60000 - 0x00007ffe46c05000 	C:\Xilinx\2025.1\Vivado\lib\win64.o\libhdxml.dll
0x00007ffde8bb0000 - 0x00007ffde9050000 	C:\Xilinx\2025.1\Vivado\lib\win64.o\xv_COIN-all.dll
0x00007ffe59bf0000 - 0x00007ffe59c0a000 	C:\Xilinx\2025.1\Vivado\lib\win64.o\pthreadVC2.dll
0x00007ffe478e0000 - 0x00007ffe47957000 	C:\Xilinx\2025.1\Vivado\lib\win64.o\xv_lmx.dll
0x00007ffe44b00000 - 0x00007ffe44bb7000 	C:\Xilinx\2025.1\Vivado\lib\win64.o\libzstd.dll
0x00007ffde6c90000 - 0x00007ffde8ba7000 	C:\Xilinx\2025.1\Vivado\lib\win64.o\gurobi90.dll
0x00007ffe76750000 - 0x00007ffe767cd000 	C:\WINDOWS\System32\WLDAP32.dll
0x00007ffe749f0000 - 0x00007ffe749f8000 	C:\WINDOWS\System32\Normaliz.dll
0x00007ffe59bc0000 - 0x00007ffe59bf0000 	C:\WINDOWS\SYSTEM32\VCOMP140.DLL
0x00007ffe46ad0000 - 0x00007ffe46b52000 	C:\Xilinx\2025.1\Vivado\lib\win64.o\libhdlpsolve.dll
0x00007ffe555d0000 - 0x00007ffe555f3000 	C:\Xilinx\2025.1\Vivado\lib\win64.o\librdizlib.dll
0x00007ffe574e0000 - 0x00007ffe577ab000 	C:\WINDOWS\SYSTEM32\iertutil.dll
0x00007ffe71970000 - 0x00007ffe721cb000 	C:\WINDOWS\SYSTEM32\windows.storage.dll
0x00007ffe3e7f0000 - 0x00007ffe3e8a4000 	C:\WINDOWS\WinSxS\amd64_microsoft.windows.common-controls_6595b64144ccf1df_5.82.26100.4484_none_87ef4f277a2c8b1a\COMCTL32.dll
0x00007ffe6d370000 - 0x00007ffe6d395000 	C:\WINDOWS\SYSTEM32\dhcpcsvc.DLL
0x00007ffe631f0000 - 0x00007ffe63219000 	C:\WINDOWS\SYSTEM32\srvcli.dll
0x00007ffe72440000 - 0x00007ffe7244d000 	C:\WINDOWS\SYSTEM32\netutils.dll
0x00007ffe72f10000 - 0x00007ffe72f56000 	C:\WINDOWS\SYSTEM32\LOGONCLI.DLL
0x00007ffe72550000 - 0x00007ffe7256b000 	C:\WINDOWS\SYSTEM32\SAMCLI.DLL
0x00007ffe555b0000 - 0x00007ffe555cc000 	C:\Xilinx\2025.1\Vivado\lib\win64.o\xv_isl_iosutils.dll
0x00007ffe47a70000 - 0x00007ffe47a91000 	C:\Xilinx\2025.1\Vivado\lib\win64.o\boost_iostreams.dll
0x00007ffdf1520000 - 0x00007ffdf17e1000 	C:\Xilinx\2025.1\Vivado\lib\win64.o\xerces-c_3_2.dll
0x00007ffe73140000 - 0x00007ffe731aa000 	C:\WINDOWS\SYSTEM32\MSWSOCK.DLL
0x00007ffe75050000 - 0x00007ffe7507f000 	C:\WINDOWS\System32\IMM32.DLL
0x00007ffe73580000 - 0x00007ffe73593000 	C:\WINDOWS\SYSTEM32\MSASN1.dll
0x00007ffe73520000 - 0x00007ffe7353b000 	C:\WINDOWS\SYSTEM32\CRYPTSP.dll
0x00007ffe72b50000 - 0x00007ffe72b8b000 	C:\WINDOWS\system32\rsaenh.dll
0x00007ffe73380000 - 0x00007ffe7338c000 	C:\WINDOWS\SYSTEM32\CRYPTBASE.dll
0x00007ffe745b0000 - 0x00007ffe74649000 	C:\WINDOWS\System32\bcryptPrimitives.dll
0x00007ffe76b90000 - 0x00007ffe76bb0000 	C:\WINDOWS\System32\imagehlp.dll
0x00007ffe72b30000 - 0x00007ffe72b4b000 	C:\WINDOWS\SYSTEM32\kernel.appcore.dll
0x00007ffe731b0000 - 0x00007ffe731d7000 	C:\WINDOWS\SYSTEM32\gpapi.dll
0x00007ffe60fc0000 - 0x00007ffe60ffb000 	C:\Windows\System32\cryptnet.dll
0x00007ffe73c60000 - 0x00007ffe73c8f000 	C:\WINDOWS\SYSTEM32\profapi.dll
0x00007ffdda1b0000 - 0x00007ffdda880000 	C:\Xilinx\2025.1\Vivado\lib\win64.o\xv_commontasks.dll
0x00007ffdd3490000 - 0x00007ffdd4211000 	C:\Xilinx\2025.1\Vivado\tps\win64\jre21.0.1_12\bin\server\jvm.dll
0x00007ffe72910000 - 0x00007ffe7296e000 	C:\WINDOWS\SYSTEM32\POWRPROF.dll
0x00007ffe68cb0000 - 0x00007ffe68ce5000 	C:\WINDOWS\SYSTEM32\WINMM.dll
0x00007ffdd2f90000 - 0x00007ffdd3489400 	C:\Xilinx\2025.1\Vivado\lib\win64.o\xv_sio.dll
0x00007ffe72600000 - 0x00007ffe72633000 	C:\WINDOWS\SYSTEM32\IPHLPAPI.DLL
0x00007ffe728f0000 - 0x00007ffe72904000 	C:\WINDOWS\SYSTEM32\UMPDC.dll
0x00007ffe70e60000 - 0x00007ffe70e6f000 	C:\WINDOWS\SYSTEM32\WINNSI.DLL
0x00007ffe76200000 - 0x00007ffe7620a000 	C:\WINDOWS\System32\NSI.dll
0x00007ffe6d5e0000 - 0x00007ffe6d5ff000 	C:\WINDOWS\SYSTEM32\dhcpcsvc6.DLL
0x00007ffe453f0000 - 0x00007ffe454b3000 	C:\WINDOWS\SYSTEM32\webio.dll
0x00007ffe72e80000 - 0x00007ffe72ec9000 	C:\WINDOWS\SYSTEM32\SspiCli.dll
0x00007ffe72640000 - 0x00007ffe72766000 	C:\WINDOWS\SYSTEM32\DNSAPI.dll
0x00007ffe6c170000 - 0x00007ffe6c17b000 	C:\Windows\System32\rasadhlp.dll
0x00007ffe6db20000 - 0x00007ffe6dba6000 	C:\WINDOWS\System32\fwpuclnt.dll
0x00007ffe60210000 - 0x00007ffe60228000 	C:\WINDOWS\system32\napinsp.dll
0x00007ffe5cb60000 - 0x00007ffe5cb72000 	C:\WINDOWS\System32\winrnr.dll
0x00007ffe5ca80000 - 0x00007ffe5cab0000 	C:\WINDOWS\system32\nlansp_c.dll
0x00007ffe6b110000 - 0x00007ffe6b130000 	C:\WINDOWS\system32\wshbth.dll
0x00007ffe6ada0000 - 0x00007ffe6adbb000 	C:\WINDOWS\SYSTEM32\wkscli.dll
0x00007ffe577e0000 - 0x00007ffe577f3000 	C:\WINDOWS\SYSTEM32\cscapi.dll
0x00007ffdb6e20000 - 0x00007ffdbaef1000 	C:\Xilinx\2025.1\Vivado\lib\win64.o\xv_tcltasks.dll
0x00007ffe43ed0000 - 0x00007ffe43fa9000 	C:\Xilinx\2025.1\Vivado\lib\win64.o\xv_xhubtasks.dll
0x00007ffdd2130000 - 0x00007ffdd2f82000 	C:\Xilinx\2025.1\Vivado\lib\win64.o\xv_power.dll
0x00007ffd9ded0000 - 0x00007ffda38ac000 	C:\Xilinx\2025.1\Vivado\lib\win64.o\xv_route.dll
0x00007ffdb5040000 - 0x00007ffdb6e19000 	C:\Xilinx\2025.1\Vivado\lib\win64.o\xv_implflow.dll
0x00007ffdd1430000 - 0x00007ffdd2124000 	C:\Xilinx\2025.1\Vivado\lib\win64.o\xv_project.dll
0x00007ffdd0ec0000 - 0x00007ffdd1423000 	C:\Xilinx\2025.1\Vivado\lib\win64.o\xv_dfximpl.dll
0x00007ffdc95e0000 - 0x00007ffdca25a000 	C:\Xilinx\2025.1\Vivado\lib\win64.o\xv_rsb.dll
0x00007ffdf0e70000 - 0x00007ffdf0fd7000 	C:\Xilinx\2025.1\Vivado\lib\win64.o\xv_chipscope.dll
0x00007ffdd06e0000 - 0x00007ffdd0eb3000 	C:\Xilinx\2025.1\Vivado\lib\win64.o\xv_runs.dll
0x00007ffd981c0000 - 0x00007ffd9dec5000 	C:\Xilinx\2025.1\Vivado\lib\win64.o\xv_place.dll
0x00007ffdb43b0000 - 0x00007ffdb5037000 	C:\Xilinx\2025.1\Vivado\lib\win64.o\xv_lopt.dll
0x00007ffdef1a0000 - 0x00007ffdef2ac000 	C:\Xilinx\2025.1\Vivado\lib\win64.o\xv_dsp.dll
0x00007ffdb16a0000 - 0x00007ffdb2371000 	C:\Xilinx\2025.1\Vivado\lib\win64.o\xv_drc.dll
0x00007ffde0470000 - 0x00007ffde06f6000 	C:\Xilinx\2025.1\Vivado\lib\win64.o\xv_chipscopeimpl.dll
0x00007ffdaa050000 - 0x00007ffdaccd2000 	C:\Xilinx\2025.1\Vivado\lib\win64.o\xv_mig.dll
0x00007ffded730000 - 0x00007ffded8b2000 	C:\Xilinx\2025.1\Vivado\lib\win64.o\xv_vsta.dll
0x00007ffe2b080000 - 0x00007ffe2b102000 	C:\Xilinx\2025.1\Vivado\lib\win64.o\xv_pfi.dll
0x00007ffdc9120000 - 0x00007ffdc95dc000 	C:\Xilinx\2025.1\Vivado\lib\win64.o\xv_dlyest.dll

dbghelp: loaded successfully - version: 4.0.5 - missing functions: none
symbol engine: initialized successfully - sym options: 0x614 - pdb path: .;C:\Xilinx\2025.1\Vivado\bin\unwrapped\win64.o;C:\WINDOWS\SYSTEM32;C:\Xilinx\2025.1\Vivado\lib\win64.o;C:\WINDOWS\WinSxS\amd64_microsoft.windows.common-controls_6595b64144ccf1df_5.82.26100.4484_none_87ef4f277a2c8b1a;C:\Xilinx\2025.1\Vivado\tps\win64\jre21.0.1_12\bin\server;C:\Xilinx\2025.1\Vivado\tps\win64\jre21.0.1_12\bin;C:\WINDOWS\WinSxS\amd64_microsoft.windows.common-controls_6595b64144ccf1df_6.0.26100.4484_none_3e0e6d4ce32ef3b3;C:\WINDOWS\WinSxS\amd64_microsoft.windows.gdiplus_6595b64144ccf1df_1.1.26100.4484_none_6ef960323dc16d81

VM Arguments:
jvm_args: -Dsun.java2d.pmoffscreen=false -Dhttps.protocols=TLSv1,TLSv1.1,TLSv1.2 -Dsun.java2d.xrender=false -Dsun.java2d.d3d=false -Dsun.awt.nopixfmt=true -Dsun.java2d.dpiaware=true -Dsun.java2d.uiScale.enabled=false -Dswing.aatext=true -XX:-UsePerfData -Djdk.map.althashing.threshold=512 -XX:StringTableSize=4072 -XX:+UseStringDeduplication -XX:MaxGCPauseMillis=200 -XX:ParallelGCThreads=4 -XX:+ParallelRefProcEnabled --add-opens=java.desktop/javax.swing.plaf.synth=ALL-UNNAMED --add-opens=java.base/java.nio=ALL-UNNAMED --add-opens=java.desktop/sun.swing=ALL-UNNAMED --add-opens=java.desktop/javax.swing=ALL-UNNAMED --add-opens=java.desktop/javax.swing.tree=ALL-UNNAMED --add-opens=java.desktop/javax.swing.plaf.basic=ALL-UNNAMED --add-opens=java.desktop/javax.swing.plaf.synth=ALL-UNNAMED --add-opens=java.desktop/javax.swing.plaf.basic=ALL-UNNAMED --add-opens=java.desktop/javax.swing=ALL-UNNAMED --add-opens=java.desktop/javax.swing.tree=ALL-UNNAMED --add-opens=java.desktop/java.awt.event=ALL-UNNAMED --add-exports=java.desktop/javax.swing.plaf.synth=ALL-UNNAMED --add-exports=java.base/java.nio=ALL-UNNAMED --add-exports=java.desktop/sun.swing=ALL-UNNAMED --add-exports=java.desktop/javax.swing=ALL-UNNAMED --add-exports=java.desktop/javax.swing.tree=ALL-UNNAMED --add-exports=java.desktop/javax.swing.plaf.basic=ALL-UNNAMED --add-exports=java.desktop/sun.swing=ALL-UNNAMED --add-exports=java.desktop/sun.swing.table=ALL-UNNAMED --add-exports=java.desktop/sun.swing.plaf.synth=ALL-UNNAMED --add-exports=java.desktop/sun.awt.shell=ALL-UNNAMED --add-exports=java.base/sun.security.action=ALL-UNNAMED --add-exports=java.desktop/sun.font=ALL-UNNAMED -XX:NewSize=80m -XX:MaxNewSize=80m -Xms812m -Xmx6144m -Xss10m 
java_command: <unknown>
java_class_path (initial): C:/Xilinx/2025.1/Vivado\lib\classes\apiguardian-api-1.1.0.jar;C:/Xilinx/2025.1/Vivado\lib\classes\asm-9.6-11.0.11-62.jar;C:/Xilinx/2025.1/Vivado\lib\classes\asm-analysis-9.6-11.0.11-62.jar;C:/Xilinx/2025.1/Vivado\lib\classes\asm-commons-9.6-11.0.11-62.jar;C:/Xilinx/2025.1/Vivado\lib\classes\asm-tree-9.6-11.0.11-62.jar;C:/Xilinx/2025.1/Vivado\lib\classes\autoesl-models-1.0.0-62.jar;C:/Xilinx/2025.1/Vivado\lib\classes\batik-anim-1.0.0-62.jar;C:/Xilinx/2025.1/Vivado\lib\classes\batik-awt-util-1.0.0-62.jar;C:/Xilinx/2025.1/Vivado\lib\classes\batik-bridge-1.0.0-62.jar;C:/Xilinx/2025.1/Vivado\lib\classes\batik-codec-1.0.0-62.jar;C:/Xilinx/2025.1/Vivado\lib\classes\batik-constants-1.0.0-62.jar;C:/Xilinx/2025.1/Vivado\lib\classes\batik-css-1.0.0-62.jar;C:/Xilinx/2025.1/Vivado\lib\classes\batik-dom-1.0.0-62.jar;C:/Xilinx/2025.1/Vivado\lib\classes\batik-ext-1.0.0-62.jar;C:/Xilinx/2025.1/Vivado\lib\classes\batik-gui-util-1.0.0-62.jar;C:/Xilinx/2025.1/Vivado\lib\classes\batik-gvt-1.0.0-62.jar;C:/Xilinx/2025.1/Vivado\lib\classes\batik-i18n-1.0.0-62.jar;C:/Xilinx/2025.1/Vivado\lib\classes\batik-parser-1.0.0-62.jar;C:/Xilinx/2025.1/Vivado\lib\classes\batik-script-1.0.0-62.jar;C:/Xilinx/2025.1/Vivado\lib\classes\batik-svg-dom-1.0.0-62.jar;C:/Xilinx/2025.1/Vivado\lib\classes\batik-svggen-1.0.0-62.jar;C:/Xilinx/2025.1/Vivado\lib\classes\batik-swing-1.0.0-62.jar;C:/Xilinx/2025.1/Vivado\lib\classes\batik-transcoder-1.0.0-62.jar;C:/Xilinx/2025.1/Vivado\lib\classes\batik-util-1.0.0-62.jar;C:/Xilinx/2025.1/Vivado\lib\classes\batik-xml-1.0.0-62.jar;C:/Xilinx/2025.1/Vivado\lib\classes\checker-qual-3.12.0.jar;C:/Xilinx/2025.1/Vivado\lib\classes\com.fasterxml.jackson.core.jackson-annotations_2.12.1.v20210128-1726-1.0.0-62.jar;C:/Xilinx/2025.1/Vivado\lib\classes\com.fasterxml.jackson.core.jackson-annotations_2.12.1.v20210128-1726-1.5.0-62.jar;C:/Xilinx/2025.1/Vivado\lib\classes\com.fasterxml.jackson.core.jackson-core_2.12.1.v20210128-1726-1.0.0-62.jar;C:/Xilinx/2025.1/Vivado\lib\classes\com.fasterxml.jackson.core.jackson-core_2.12.1.v20210128-1726-1.5.0-62.jar;C:/Xilinx/2025.1/Vivado\lib\classes\com.fasterxml.jackson.core.jackson-databind_2.12.1.v20210128-1726-1.0.0-62.jar;C:/Xilinx/2025.1/Vivado\lib\classes\com.fasterxml.jackson.core.jackson-databind_2.12.1.v20210128-1726-1.5.0-62.jar;C:/Xilinx/2025.1/Vivado\lib\classes\com.google.gson_2.8.9.v20220111-1409-1.5.0-62.jar;C:/Xilinx/2025.1/Vivado\lib\classes\com.google.guava_30.1.0.v20210127-2300-1.5.0-62.jar;C:/Xilinx/2025.1/Vivado\lib\classes\com.sigasi.hdt.connection_4.17.2.202304211001-1.5.0-62.jar;C:/Xilinx/2025.1/Vivado\lib\classes\com.sigasi.hdt.epl_4.17.2.202304211001-1.5.0-62.jar;C:/Xilinx/2025.1/Vivado\lib\classes\com.sigasi.hdt.project_4.17.2.202304211001-1.5.0-62.jar;C:/Xilinx/2025.1/Vivado\lib\classes\com.sigasi.hdt.readonlyfilesystem_4.17.2.202304211001-1.5.0-62.jar;C:/Xilinx/2025.1/Vivado\lib\classes\com.sigasi.hdt.shared_4.17.2.202304211001-1.5.0-62.jar;C:/Xilinx/2025.1/Vivado\lib\classes\com.sigasi.lcm_4.17.2.202304211001-1.5.0-62.jar;C:/Xilinx/2025.1/Vivado\lib\classes\com.sigasi.lsp.server.extensions_4.17.2.202304211001-1.5.0-62.jar;C:/Xilinx/2025.1/Vivado\lib\classes\com.sigasi.sdk.client_1.5.0.202304211001-1.5.0-62.jar;C:/Xilinx/2025.1/Vivado\lib\classes\commons-collections4-4.1-3.7.8-62.jar;C:/Xilinx/2025.1/Vivado\lib\classes\commons-compress-1.21-3.7.8-62.jar;C:/Xilinx/2025.1/Vivado\lib\classes\commons-io-2.15.0-11.0.11-62.jar;C:/Xilinx/2025.1/Vivado\lib\classes\commons-io-2.6.jar;C:/Xilinx/2025.1/Vivado\lib\classes\commons-lang3-3.14.0-11.0.11-62.jar;C:/Xilinx/2025.1/Vivado\lib\classes\commons-math-2.2-3.7.8-62.jar;C:/Xilinx/2025.1/Vivado\lib\classes\DispatchProtocol-1.24.0-526.jar;C:/Xilinx/2025.1/Vivado\lib\classes\dom4j-1.6.1-3.7.8-62.jar;C:/Xilinx/2025.1/Vivado\lib\classes\error_prone_annotations-2.11.0.jar;C:/Xilinx/2025.1/Vivado\lib\classes\failureaccess-1.0.1.jar;C:/Xilinx/2025.1/Vivado\lib\classes\frank_frameworks-1.0.0-526.jar;C:/Xilinx/2025.1/Vivado\lib\classes\gson-2.8.9.jar;C:/Xilinx/2025.1/Vivado\lib\classes\guava-31.1-android.jar;C:/Xilinx/2025.1/Vivado\lib\classes\help-1.24.0-356.jar;C:/Xilinx/2025.1/Vivado\lib\classes\hsqldb-3.7.8-62.jar;C:/Xilinx/2025.1/Vivado\lib\classes\j2objc-annotations-1.3.jar;C:/Xilinx/2025.1/Vivado\lib\classes\jakarta.annotation-api-2.1.0-11.0.11-62.jar;C:/Xilinx/2025.1/Vivado\lib\classes\jakarta.json-2.0.0-RC2-1.5.0-62.jar;C:/Xilinx/2025.1/Vivado\lib\classes\jakarta.json-api-2.0.0-RC2-1.5.0-62.jar;C:/Xilinx/2025.1/Vivado\lib\classes\jakarta.transaction-api-2.0.0-11.0.11-62.jar;C:/Xilinx/2025.1/Vivado\lib\classes\jaxb-api-2.3.0.jar;C:/Xilinx/2025.1/Vivado\lib\classes\jericho-html-3.4-1.0.0-62.jar;C:/Xilinx/2025.1/Vivado\lib\classes\jetty-jakarta-servlet-api-5.0.2-11.0.11-62.jar;C:/Xilinx/2025.1/Vivado\lib\classes\jh-2.0.05-62.jar;C:/Xilinx/2025.1/Vivado\lib\classes\jide-action-3.7.8-62.jar;C:/Xilinx/2025.1/Vivado\lib\classes\jide-charts-3.7.8-62.jar;C:/Xilinx/2025.1/Vivado\lib\classes\jide-common-3.7.8-62.jar;C:/Xilinx/2025.1/Vivado\lib\classes\jide-components-3.7.8-62.jar;C:/Xilinx/2025.1/Vivado\lib\classes\jide-dashboard-3.7.8-62.jar;C:/Xilinx/2025.1/Vivado\lib\classes\jide-data-3.7.8-62.jar;C:/Xilinx/2025.1/Vivado\lib\classes\jide-dialogs-3.7.8-62.jar;C:/Xilinx/2025.1/Vivado\lib\classes\jide-diff-3.7.8-62.jar;C:/Xilinx/2025.1/Vivado\lib\classes\jide-dock-3.7.8-62.jar;C:/Xilinx/2025.1/Vivado\lib\classes\jide-editor-3.7.8-62.jar;C:/Xilinx/2025.1/Vivado\lib\classes\jide-gantt-3.7.8-62.jar;C:/Xilinx/2025.1/Vivado\lib\classes\jide-grids-3.7.8-62.jar;C:/Xilinx/2025.1/Vivado\lib\classes\jide-pivot-3.7.8-62.jar;C:/Xilinx/2025.1/Vivado\lib\classes\jide-plaf-jdk7-3.7.8-62.jar;C:/Xilinx/2025.1/Vivado\lib\classes\jide-properties-3.7.8-62.jar;C:/Xilinx/2025.1/Vivado\lib\classes\jide-shortcut-3.7.8-62.jar;C:/Xilinx/2025.1/Vivado\lib\classes\jide-treemap-3.7.8-62.jar;C:/Xilinx/2025.1/Vivado\lib\classes\JRCClient-1.24.0-526.jar;C:/Xilinx/2025.1/Vivado\lib\classes\jsr305-3.0.2.jar;C:/Xilinx/2025.1/Vivado\lib\classes\junit-jupiter-api-5.6.2.jar;C:/Xilinx/2025.1/Vivado\lib\classes\junit-platform-commons-1.6.2.jar;C:/Xilinx/2025.1/Vivado\lib\classes\justify-3.0.0-RC2-1.5.0-62.jar;C:/Xilinx/2025.1/Vivado\lib\classes\jydocking-3.3.1-62.jar;C:/Xilinx/2025.1/Vivado\lib\classes\jytable-3.3.1-62.jar;C:/Xilinx/2025.1/Vivado\lib\classes\jywidgets-3.3.1-62.jar;C:/Xilinx/2025.1/Vivado\lib\classes\listenablefuture-9999.0-empty-to-avoid-conflict-with-guava.jar;C:/Xilinx/2025.1/Vivado\lib\classes\log4j-1.2-api-2.17.1-1.5.0-62.jar;C:/Xilinx/2025.1/Vivado\lib\classes\log4j-api-2.17.1-1.5.0-62.jar;C:/Xilinx/2025.1/Vivado\lib\classes\log4j-core-2.17.1-1.5.0-62.jar;C:/Xilinx/2025.1/Vivado\lib\classes\lucene-analyzers-common-4.10.2-3.7.8-62.jar;C:/Xilinx/2025.1/Vivado\lib\classes\lucene-core-4.10.2-3.7.8-62.jar;C:/Xilinx/2025.1/Vivado\lib\classes\lucene-queryparser-4.10.2-3.7.8-62.jar;C:/Xilinx/2025.1/Vivado\lib\classes\miglayout-3.7.3.1.jar;C:/Xilinx/2025.1/Vivado\lib\classes\nlview_java-1.0.0-62.jar;C:/Xilinx/2025.1/Vivado\lib\classes\opentest4j-1.2.0.jar;C:/Xilinx/2025.1/Vivado\lib\classes\org.apache.commons.lang_2.6.0.v201404270220-1.0.0-62.jar;C:/Xilinx/2025.1/Vivado\lib\classes\org.eclipse.core.commands-3.6.0-1.0.0-62.jar;C:/Xilinx/2025.1/Vivado\lib\classes\org.eclipse.core.filesystem_1.7.400.v20190518-1151-1.0.0-62.jar;C:/Xilinx/2025.1/Vivado\lib\classes\org.eclipse.core.jobs_3.10.400.v20190506-1457-1.0.0-62.jar;C:/Xilinx/2025.1/Vivado\lib\classes\org.eclipse.core.resources_3.13.400.v20190505-1655-1.0.0-62.jar;C:/Xilinx/2025.1/Vivado\lib\classes\org.eclipse.emf.common_2.18.0.v20191225-1014-1.0.0-62.jar;C:/Xilinx/2025.1/Vivado\lib\classes\org.eclipse.emf.common_2.24.0.v20220123-0838-1.5.0-62.jar;C:/Xilinx/2025.1/Vivado\lib\classes\org.eclipse.emf.ecore.xmi_2.16.0.v20190528-0725-1.0.0-62.jar;C:/Xilinx/2025.1/Vivado\lib\classes\org.eclipse.emf.ecore_2.21.0.v20200127-1342-1.0.0-62.jar;C:/Xilinx/2025.1/Vivado\lib\classes\org.eclipse.equinox.common_3.11.0.v20200206-0817-1.0.0-62.jar;C:/Xilinx/2025.1/Vivado\lib\classes\org.eclipse.equinox.registry_3.8.400.v20190516-1504-1.0.0-62.jar;C:/Xilinx/2025.1/Vivado\lib\classes\org.eclipse.jetty.alpn.client_11.0.18-11.0.11-62.jar;C:/Xilinx/2025.1/Vivado\lib\classes\org.eclipse.jetty.annotations_11.0.18-11.0.11-62.jar;C:/Xilinx/2025.1/Vivado\lib\classes\org.eclipse.jetty.client_11.0.18-11.0.11-62.jar;C:/Xilinx/2025.1/Vivado\lib\classes\org.eclipse.jetty.http_11.0.18-11.0.11-62.jar;C:/Xilinx/2025.1/Vivado\lib\classes\org.eclipse.jetty.io_11.0.18-11.0.11-62.jar;C:/Xilinx/2025.1/Vivado\lib\classes\org.eclipse.jetty.jndi_11.0.18-11.0.11-62.jar;C:/Xilinx/2025.1/Vivado\lib\classes\org.eclipse.jetty.plus_11.0.18-11.0.11-62.jar;C:/Xilinx/2025.1/Vivado\lib\classes\org.eclipse.jetty.security_11.0.18-11.0.11-62.jar;C:/Xilinx/2025.1/Vivado\lib\classes\org.eclipse.jetty.server_11.0.18-11.0.11-62.jar;C:/Xilinx/2025.1/Vivado\lib\classes\org.eclipse.jetty.servlet_11.0.18-11.0.11-62.jar;C:/Xilinx/2025.1/Vivado\lib\classes\org.eclipse.jetty.util_11.0.18-11.0.11-62.jar;C:/Xilinx/2025.1/Vivado\lib\classes\org.eclipse.jetty.webapp_11.0.18-11.0.11-62.jar;C:/Xilinx/2025.1/Vivado\lib\classes\org.eclipse.jetty.websocket.api_11.0.18-11.0.11-62.jar;C:/Xilinx/2025.1/Vivado\lib\classes\org.eclipse.jetty.websocket.client_11.0.18-11.0.11-62.jar;C:/Xilinx/2025.1/Vivado\lib\classes\org.eclipse.jetty.websocket.common_11.0.18-11.0.11-62.jar;C:/Xilinx/2025.1/Vivado\lib\classes\org.eclipse.jetty.websocket.core.client_11.0.18-11.0.11-62.jar;C:/Xilinx/2025.1/Vivado\lib\classes\org.eclipse.jetty.websocket.core.common_11.0.18-11.0.11-62.jar;C:/Xilinx/2025.1/Vivado\lib\classes\org.eclipse.jetty.websocket.core.server_11.0.18-11.0.11-62.jar;C:/Xilinx/2025.1/Vivado\lib\classes\org.eclipse.jetty.websocket.server_11.0.18-11.0.11-62.jar;C:/Xilinx/2025.1/Vivado\lib\classes\org.eclipse.jetty.websocket.servlet_11.0.18-11.0.11-62.jar;C:/Xilinx/2025.1/Vivado\lib\classes\org.eclipse.jetty.xml_11.0.18-11.0.11-62.jar;C:/Xilinx/2025.1/Vivado\lib\classes\org.eclipse.lsp4j.jsonrpc_0.12.0.v20210402-1305-1.5.0-62.jar;C:/Xilinx/2025.1/Vivado\lib\classes\org.eclipse.lsp4j_0.12.0.v20210402-1305-1.5.0-62.jar;C:/Xilinx/2025.1/Vivado\lib\classes\org.eclipse.xtext.util_2.18.0.v20190603-1042-1.0.0-62.jar;C:/Xilinx/2025.1/Vivado\lib\classes\org.eclipse.xtext.util_2.26.0.v20220228-0751-1.5.0-62.jar;C:/Xilinx/2025.1/Vivado\lib\classes\org.eclipse.xtext.xbase.lib_2.26.0.v20220228-0748-1.5.0-62.jar;C:/Xilinx/2025.1/Vivado\lib\classes\picocli-4.1.2.jar;C:/Xilinx/2025.1/Vivado\lib\classes\planAhead.jar;C:/Xilinx/2025.1/Vivado\lib\classes\poi-4.1.1-3.7.8-62.jar;C:/Xilinx/2025.1/Vivado\lib\classes\poi-ooxml-4.1.1-3.7.8-62.jar;C:/Xilinx/2025.1/Vivado\lib\classes\poi-ooxml-schemas-4.1.1-3.7.8-62.jar;C:/Xilinx/2025.1/Vivado\lib\classes\protobuf-java-3.21.12.jar;C:/Xilinx/2025.1/Vivado\lib\classes\protobuf-java-util-3.21.12.jar;C:/Xilinx/2025.1/Vivado\lib\classes\RuleService-1.24.0-526.jar;C:/Xilinx/2025.1/Vivado\lib\classes\slf4j-api-2.0.9-11.0.11-62.jar;C:/Xilinx/2025.1/Vivado\lib\classes\swingx-core-1.6.2-62.jar;C:/Xilinx/2025.1/Vivado\lib\classes\synthetica-3.3.1-62.jar;C:/Xilinx/2025.1/Vivado\lib\classes\syntheticaAddons-3.3.1-62.jar;C:/Xilinx/2025.1/Vivado\lib\classes\syntheticaDark-3.3.1-62.jar;C:/Xilinx/2025.1/Vivado\lib\classes\syntheticaPlain-3.3.1-62.jar;C:/Xilinx/2025.1/Vivado\lib\classes\syntheticaPlainAddon-3.3.1-62.jar;C:/Xilinx/2025.1/Vivado\lib\classes\sysgen.jar;C:/Xilinx/2025.1/Vivado\lib\classes\va-shared-1.0.0-526.jar;C:/Xilinx/2025.1/Vivado\lib\classes\VlmGUI.jar;C:/Xilinx/2025.1/Vivado\lib\classes\xml-apis-ext-1.0.0-62.jar;C:/Xilinx/2025.1/Vivado\lib\classes\xmlbeans-3.1.0-3.7.8-62.jar;C:/Xilinx/2025.1/Vivado\lib\classes\xmlgraphics-commons-1.0.0-62.jar;C:/Xilinx/2025.1/Vivado\lib\classes\yfiles-for-java-swing-3.3.0-62.jar;C:/Xilinx/2025.1/Vivado\lib\classes\windows\gluegen-rt-95.0.4638.69.jar;C:/Xilinx/2025.1/Vivado\lib\classes\windows\gluegen-rt-natives-windows-amd64-95.0.4638.69.jar;C:/Xilinx/2025.1/Vivado\lib\classes\windows\javafx-swt-21.0.1.jar;C:/Xilinx/2025.1/Vivado\lib\classes\windows\javafx.base-21.0.1.jar;C:/Xilinx/2025.1/Vivado\lib\classes\windows\javafx.controls-21.0.1.jar;C:/Xilinx/2025.1/Vivado\lib\classes\windows\javafx.fxml-21.0.1.jar;C:/Xilinx/2025.1/Vivado\lib\classes\windows\javafx.graphics-21.0.1.jar;C:/Xilinx/2025.1/Vivado\lib\classes\windows\javafx.media-21.0.1.jar;C:/Xilinx/2025.1/Vivado\lib\classes\windows\javafx.swing-21.0.1.jar;C:/Xilinx/2025.1/Vivado\lib\classes\windows\javafx.web-21.0.1.jar;C:/Xilinx/2025.1/Vivado\lib\classes\windows\jcef-95.0.4638.69.jar;C:/Xilinx/2025.1/Vivado\lib\classes\windows\jcef-tests-95.0.4638.69.jar;C:/Xilinx/2025.1/Vivado\lib\classes\windows\jogl-all-95.0.4638.69.jar;C:/Xilinx/2025.1/Vivado\lib\classes\windows\jogl-all-natives-windows-amd64-95.0.4638.69.jar
Launcher Type: generic

[Global flags]
     intx CICompilerCount                          = 12                                        {product} {ergonomic}
     uint ConcGCThreads                            = 1                                         {product} {ergonomic}
     uint G1ConcRefinementThreads                  = 4                                         {product} {ergonomic}
   size_t G1HeapRegionSize                         = 4194304                                   {product} {ergonomic}
    uintx GCDrainStackTargetSize                   = 64                                        {product} {ergonomic}
   size_t InitialHeapSize                          = 851443712                                 {product} {command line}
   size_t MarkStackSize                            = 4194304                                   {product} {ergonomic}
    uintx MaxGCPauseMillis                         = 200                                       {product} {command line}
   size_t MaxHeapSize                              = 6442450944                                {product} {command line}
   size_t MaxNewSize                               = 83886080                                  {product} {command line}
   size_t MinHeapDeltaBytes                        = 4194304                                   {product} {ergonomic}
   size_t MinHeapSize                              = 851443712                                 {product} {command line}
   size_t NewSize                                  = 83886080                                  {product} {command line}
    uintx NonNMethodCodeHeapSize                   = 7602480                                {pd product} {ergonomic}
    uintx NonProfiledCodeHeapSize                  = 122027880                              {pd product} {ergonomic}
     uint ParallelGCThreads                        = 4                                         {product} {command line}
     bool ParallelRefProcEnabled                   = true                                      {product} {command line}
    uintx ProfiledCodeHeapSize                     = 122027880                              {pd product} {ergonomic}
    uintx ReservedCodeCacheSize                    = 251658240                              {pd product} {ergonomic}
     bool SegmentedCodeCache                       = true                                      {product} {ergonomic}
   size_t SoftMaxHeapSize                          = 6442450944                             {manageable} {ergonomic}
    uintx StringTableSize                          = 4072                                      {product} {command line}
     intx ThreadStackSize                          = 10240                                  {pd product} {command line}
     bool UseCompressedOops                        = true                           {product lp64_product} {ergonomic}
     bool UseG1GC                                  = true                                      {product} {ergonomic}
     bool UseLargePagesIndividualAllocation        = false                                  {pd product} {ergonomic}
     bool UsePerfData                              = false                                     {product} {command line}
     bool UseStringDeduplication                   = true                                      {product} {command line}

Logging:
Log output configuration:
 #0: stdout all=warning uptime,level,tags foldmultilines=false
 #1: stderr all=off uptime,level,tags foldmultilines=false

Environment Variables:
PATH=C:/Xilinx/2025.1/Vivado\gnuwin\bin;C:/Xilinx/2025.1/Vivado\gnu\microblaze\nt\bin;C:/Xilinx/2025.1/Vivado/bin;C:/Xilinx/2025.1/Vivado\tps\win64;C:/Xilinx/2025.1/Vivado/tps/win64/java-cef-95.0.4638.69/bin/lib/win64;C:/Xilinx/2025.1/Vivado/tps/win64/javafx-sdk-21.0.1/lib;C:/Xilinx/2025.1/Vivado/tps/win64/javafx-sdk-21.0.1/bin;C:/Xilinx/2025.1/Vivado/lib/win64.o;C:/Xilinx/2025.1/Vivado/tps/win64/jre21.0.1_12/bin/server;C:/Xilinx/2025.1/Vivado/tps/win64/jre21.0.1_12/bin;C:/Xilinx/2025.1/Vitis/bin;C:/Xilinx/2025.1/Vivado/ids_lite/ISE/bin/nt64;C:/Xilinx/2025.1/Vivado/ids_lite/ISE/lib/nt64;C:\WINDOWS\system32;C:\WINDOWS;C:\WINDOWS\System32\Wbem;C:\WINDOWS\System32\WindowsPowerShell\v1.0\;C:\WINDOWS\System32\OpenSSH\;C:\Program Files\dotnet\;C:\Program Files\NVIDIA Corporation\NVIDIA App\NvDLISR;C:\Program Files (x86)\NVIDIA Corporation\PhysX\Common;C:\Program Files\PuTTY\;C:\ProgramData\chocolatey\bin;C:\Users\Dhruv\AppData\Local\Programs\Python\Python312\Scripts\;C:\Users\Dhruv\AppData\Local\Programs\Python\Python312\;C:\Users\Dhruv\AppData\Local\Programs\Python\Launcher\;C:\Users\Dhruv\AppData\Local\Microsoft\WindowsApps;C:\Users\Dhruv\AppData\Local\GitHubDesktop\bin;C:\Users\Dhruv\AppData\Local\Programs\Microsoft VS Code\bin;C:/Xilinx/2025.1/Vivado\tps\mingw\6.2.0\win64.o\nt\bin;C:/Xilinx/2025.1/Vivado\tps\mingw\6.2.0\win64.o\nt\libexec\gcc\x86_64-w64-mingw32\6.2.0;C:/Xilinx/2025.1/Vivado\tps\win64\python-3.13.0;C:/Xilinx/2025.1/Vivado\tps\win64\python-3.13.0\bin;C:/Xilinx/2025.1/Vivado\tps\win64\python-3.13.0\lib;C:/Xilinx/2025.1/Vivado\tps\win64\python-3.13.0\lib\site-packages
USERNAME=Dhruv
OS=Windows_NT
PROCESSOR_IDENTIFIER=Intel64 Family 6 Model 183 Stepping 1, GenuineIntel
TMP=C:\Users\Dhruv\AppData\Local\Temp
TEMP=C:\Users\Dhruv\AppData\Local\Temp




Periodic native trim disabled

---------------  S Y S T E M  ---------------

OS:
 Windows 11 , 64 bit Build 26100 (10.0.26100.4484)
OS uptime: 0 days 12:48 hours
Hyper-V role detected

CPU: total 20 (initial active 20) (10 cores per cpu, 2 threads per core) family 6 model 183 stepping 1 microcode 0x12b, cx8, cmov, fxsr, ht, mmx, 3dnowpref, sse, sse2, sse3, ssse3, sse4.1, sse4.2, popcnt, lzcnt, tsc, tscinvbit, avx, avx2, aes, erms, clmul, bmi1, bmi2, adx, sha, fma, vzeroupper, clflush, clflushopt, clwb, hv, serialize, rdtscp, rdpid, fsrm, f16c, cet_ibt, cet_ss
Processor Information for all 20 processors :
  Max Mhz: 2600, Current Mhz: 2600, Mhz Limit: 2600

Memory: 4k page, system-wide physical 32387M (17699M free)
TotalPageFile size 34435M (AvailPageFile size 13437M)
current process WorkingSet (physical memory assigned to process): 2095M, peak: 2551M
current process commit charge ("private bytes"): 2603M, peak: 4253M

vm_info: OpenJDK 64-Bit Server VM (21.0.1+12-LTS) for windows-amd64 JRE (21.0.1+12-LTS), built on 2023-10-17T00:00:00Z by "admin" with unknown MS VC++:1937

END.
